05-Dec-2023 12:36:57.440 INFO [main] org.apache.catalina.startup.VersionLoggerListener.log 서버 버전 이름:    Apache Tomcat/9.0.83
05-Dec-2023 12:36:57.443 INFO [main] org.apache.catalina.startup.VersionLoggerListener.log Server 빌드 시각:  Nov 9 2023 20:57:42 UTC
05-Dec-2023 12:36:57.443 INFO [main] org.apache.catalina.startup.VersionLoggerListener.log Server 버전 번호:  9.0.83.0
05-Dec-2023 12:36:57.443 INFO [main] org.apache.catalina.startup.VersionLoggerListener.log 운영체제 이름:     Windows 10
05-Dec-2023 12:36:57.443 INFO [main] org.apache.catalina.startup.VersionLoggerListener.log 운영체제 버전:     10.0
05-Dec-2023 12:36:57.443 INFO [main] org.apache.catalina.startup.VersionLoggerListener.log 아키텍처:          amd64
05-Dec-2023 12:36:57.443 INFO [main] org.apache.catalina.startup.VersionLoggerListener.log 자바 홈:           C:\Program Files\Java\jdk-11
05-Dec-2023 12:36:57.443 INFO [main] org.apache.catalina.startup.VersionLoggerListener.log JVM 버전:          11.0.20+9-LTS-256
05-Dec-2023 12:36:57.443 INFO [main] org.apache.catalina.startup.VersionLoggerListener.log JVM 벤더:          Oracle Corporation
05-Dec-2023 12:36:57.444 INFO [main] org.apache.catalina.startup.VersionLoggerListener.log CATALINA_BASE:     D:\01-STUDY\Kim\7_SpringBoot\cafe
05-Dec-2023 12:36:57.444 INFO [main] org.apache.catalina.startup.VersionLoggerListener.log CATALINA_HOME:     C:\apache-tomcat-9.0.83
05-Dec-2023 12:36:57.454 INFO [main] org.apache.catalina.startup.VersionLoggerListener.log 명령 행 아규먼트:  --add-opens=java.base/java.lang=ALL-UNNAMED
05-Dec-2023 12:36:57.454 INFO [main] org.apache.catalina.startup.VersionLoggerListener.log 명령 행 아규먼트:  --add-opens=java.base/java.io=ALL-UNNAMED
05-Dec-2023 12:36:57.454 INFO [main] org.apache.catalina.startup.VersionLoggerListener.log 명령 행 아규먼트:  --add-opens=java.base/java.util=ALL-UNNAMED
05-Dec-2023 12:36:57.454 INFO [main] org.apache.catalina.startup.VersionLoggerListener.log 명령 행 아규먼트:  --add-opens=java.base/java.util.concurrent=ALL-UNNAMED
05-Dec-2023 12:36:57.455 INFO [main] org.apache.catalina.startup.VersionLoggerListener.log 명령 행 아규먼트:  --add-opens=java.rmi/sun.rmi.transport=ALL-UNNAMED
05-Dec-2023 12:36:57.455 INFO [main] org.apache.catalina.startup.VersionLoggerListener.log 명령 행 아규먼트:  -Dfile.encoding=UTF-8
05-Dec-2023 12:36:57.455 INFO [main] org.apache.catalina.startup.VersionLoggerListener.log 명령 행 아규먼트:  -Dcatalina.home=C:\apache-tomcat-9.0.83
05-Dec-2023 12:36:57.455 INFO [main] org.apache.catalina.startup.VersionLoggerListener.log 명령 행 아규먼트:  -Dcatalina.base=D:\01-STUDY\Kim\7_SpringBoot\cafe
05-Dec-2023 12:36:57.455 INFO [main] org.apache.catalina.startup.VersionLoggerListener.log 명령 행 아규먼트:  -Djava.io.tmpdir=D:\01-STUDY\Kim\7_SpringBoot\cafe\temp
05-Dec-2023 12:36:57.455 INFO [main] org.apache.catalina.startup.VersionLoggerListener.log 명령 행 아규먼트:  -Djava.util.logging.config.file=D:\01-STUDY\Kim\7_SpringBoot\cafe\conf\logging.properties
05-Dec-2023 12:36:57.455 INFO [main] org.apache.catalina.startup.VersionLoggerListener.log 명령 행 아규먼트:  -Djava.util.logging.manager=org.apache.juli.ClassLoaderLogManager
05-Dec-2023 12:36:57.455 INFO [main] org.apache.catalina.startup.VersionLoggerListener.log 명령 행 아규먼트:  -javaagent:C:\Program Files\JetBrains\IntelliJ IDEA Community Edition 2023.2.4\lib\idea_rt.jar=54572:C:\Program Files\JetBrains\IntelliJ IDEA Community Edition 2023.2.4\bin
05-Dec-2023 12:36:57.458 INFO [main] org.apache.catalina.core.AprLifecycleListener.lifecycleEvent APR 버전 [1.7.4]을(를) 사용한, APR 기반 Apache Tomcat Native 라이브러리 [1.2.39]을(를) 로드했습니다.
05-Dec-2023 12:36:57.458 INFO [main] org.apache.catalina.core.AprLifecycleListener.lifecycleEvent APR 용량정보들: IPv6 [true], sendfile [true], accept filters [false], random [true], UDS [true].
05-Dec-2023 12:36:57.458 INFO [main] org.apache.catalina.core.AprLifecycleListener.lifecycleEvent APR/OpenSSL 설정: useAprConnector [false], useOpenSSL [true]
05-Dec-2023 12:36:57.464 INFO [main] org.apache.catalina.core.AprLifecycleListener.initializeSSL OpenSSL이 성공적으로 초기화되었습니다: [OpenSSL 3.0.11 19 Sep 2023]
05-Dec-2023 12:36:57.728 INFO [main] org.apache.coyote.AbstractProtocol.init 프로토콜 핸들러 ["http-nio-8002"]을(를) 초기화합니다.
05-Dec-2023 12:36:57.752 INFO [main] org.apache.catalina.startup.Catalina.load [741] 밀리초 내에 서버가 초기화되었습니다.
05-Dec-2023 12:36:57.820 INFO [main] org.apache.catalina.core.StandardService.startInternal 서비스 [Catalina]을(를) 시작합니다.
05-Dec-2023 12:36:57.820 INFO [main] org.apache.catalina.core.StandardEngine.startInternal 서버 엔진을 시작합니다: [Apache Tomcat/9.0.83]
05-Dec-2023 12:36:57.830 INFO [main] org.apache.catalina.startup.HostConfig.deployDescriptor 배치 descriptor [D:\01-STUDY\Kim\7_SpringBoot\cafe\conf\Catalina\localhost\ROOT.xml]을(를) 배치합니다.
05-Dec-2023 12:37:01.662 INFO [main] org.apache.jasper.servlet.TldScanner.scanJars 적어도 하나의 JAR가 TLD들을 찾기 위해 스캔되었으나 아무 것도 찾지 못했습니다. 스캔했으나 TLD가 없는 JAR들의 전체 목록을 보시려면, 로그 레벨을 디버그 레벨로 설정하십시오. 스캔 과정에서 불필요한 JAR들을 건너뛰면, 시스템 시작 시간과 JSP 컴파일 시간을 단축시킬 수 있습니다.
05-Dec-2023 12:37:01.789 INFO [main] org.apache.catalina.startup.HostConfig.deployDescriptor 배치 descriptor [D:\01-STUDY\Kim\7_SpringBoot\cafe\conf\Catalina\localhost\ROOT.xml]의 배치가 [3,959] 밀리초 내에 완료되었습니다.
05-Dec-2023 12:37:01.792 INFO [main] org.apache.coyote.AbstractProtocol.start 프로토콜 핸들러 ["http-nio-8002"]을(를) 시작합니다.
05-Dec-2023 12:37:01.837 INFO [main] org.apache.catalina.startup.Catalina.start 서버가 [4084] 밀리초 내에 시작되었습니다.
05-Dec-2023 12:37:05.643 INFO [Thread-1] org.apache.coyote.AbstractProtocol.pause 프로토콜 핸들러 ["http-nio-8002"]을(를) 일시 정지 중
05-Dec-2023 12:37:05.668 INFO [Thread-1] org.apache.catalina.core.StandardService.stopInternal 서비스 [Catalina]을(를) 중지시킵니다.
05-Dec-2023 12:37:05.692 INFO [Thread-1] org.apache.coyote.AbstractProtocol.stop 프로토콜 핸들러 ["http-nio-8002"]을(를) 중지시킵니다.
05-Dec-2023 12:37:05.706 INFO [Thread-1] org.apache.coyote.AbstractProtocol.destroy 프로토콜 핸들러 ["http-nio-8002"]을(를) 소멸시킵니다.
05-Dec-2023 12:37:08.675 INFO [main] org.apache.catalina.startup.VersionLoggerListener.log 서버 버전 이름:    Apache Tomcat/9.0.83
05-Dec-2023 12:37:08.678 INFO [main] org.apache.catalina.startup.VersionLoggerListener.log Server 빌드 시각:  Nov 9 2023 20:57:42 UTC
05-Dec-2023 12:37:08.678 INFO [main] org.apache.catalina.startup.VersionLoggerListener.log Server 버전 번호:  9.0.83.0
05-Dec-2023 12:37:08.678 INFO [main] org.apache.catalina.startup.VersionLoggerListener.log 운영체제 이름:     Windows 10
05-Dec-2023 12:37:08.678 INFO [main] org.apache.catalina.startup.VersionLoggerListener.log 운영체제 버전:     10.0
05-Dec-2023 12:37:08.678 INFO [main] org.apache.catalina.startup.VersionLoggerListener.log 아키텍처:          amd64
05-Dec-2023 12:37:08.678 INFO [main] org.apache.catalina.startup.VersionLoggerListener.log 자바 홈:           C:\Program Files\Java\jdk-11
05-Dec-2023 12:37:08.678 INFO [main] org.apache.catalina.startup.VersionLoggerListener.log JVM 버전:          11.0.20+9-LTS-256
05-Dec-2023 12:37:08.679 INFO [main] org.apache.catalina.startup.VersionLoggerListener.log JVM 벤더:          Oracle Corporation
05-Dec-2023 12:37:08.679 INFO [main] org.apache.catalina.startup.VersionLoggerListener.log CATALINA_BASE:     D:\01-STUDY\Kim\7_SpringBoot\cafe
05-Dec-2023 12:37:08.679 INFO [main] org.apache.catalina.startup.VersionLoggerListener.log CATALINA_HOME:     C:\apache-tomcat-9.0.83
05-Dec-2023 12:37:08.687 INFO [main] org.apache.catalina.startup.VersionLoggerListener.log 명령 행 아규먼트:  --add-opens=java.base/java.lang=ALL-UNNAMED
05-Dec-2023 12:37:08.687 INFO [main] org.apache.catalina.startup.VersionLoggerListener.log 명령 행 아규먼트:  --add-opens=java.base/java.io=ALL-UNNAMED
05-Dec-2023 12:37:08.687 INFO [main] org.apache.catalina.startup.VersionLoggerListener.log 명령 행 아규먼트:  --add-opens=java.base/java.util=ALL-UNNAMED
05-Dec-2023 12:37:08.687 INFO [main] org.apache.catalina.startup.VersionLoggerListener.log 명령 행 아규먼트:  --add-opens=java.base/java.util.concurrent=ALL-UNNAMED
05-Dec-2023 12:37:08.687 INFO [main] org.apache.catalina.startup.VersionLoggerListener.log 명령 행 아규먼트:  --add-opens=java.rmi/sun.rmi.transport=ALL-UNNAMED
05-Dec-2023 12:37:08.687 INFO [main] org.apache.catalina.startup.VersionLoggerListener.log 명령 행 아규먼트:  -Dfile.encoding=UTF-8
05-Dec-2023 12:37:08.687 INFO [main] org.apache.catalina.startup.VersionLoggerListener.log 명령 행 아규먼트:  -Dcatalina.home=C:\apache-tomcat-9.0.83
05-Dec-2023 12:37:08.687 INFO [main] org.apache.catalina.startup.VersionLoggerListener.log 명령 행 아규먼트:  -Dcatalina.base=D:\01-STUDY\Kim\7_SpringBoot\cafe
05-Dec-2023 12:37:08.687 INFO [main] org.apache.catalina.startup.VersionLoggerListener.log 명령 행 아규먼트:  -Djava.io.tmpdir=D:\01-STUDY\Kim\7_SpringBoot\cafe\temp
05-Dec-2023 12:37:08.687 INFO [main] org.apache.catalina.startup.VersionLoggerListener.log 명령 행 아규먼트:  -Djava.util.logging.config.file=D:\01-STUDY\Kim\7_SpringBoot\cafe\conf\logging.properties
05-Dec-2023 12:37:08.687 INFO [main] org.apache.catalina.startup.VersionLoggerListener.log 명령 행 아규먼트:  -Djava.util.logging.manager=org.apache.juli.ClassLoaderLogManager
05-Dec-2023 12:37:08.687 INFO [main] org.apache.catalina.startup.VersionLoggerListener.log 명령 행 아규먼트:  -javaagent:C:\Program Files\JetBrains\IntelliJ IDEA Community Edition 2023.2.4\lib\idea_rt.jar=54585:C:\Program Files\JetBrains\IntelliJ IDEA Community Edition 2023.2.4\bin
05-Dec-2023 12:37:08.690 INFO [main] org.apache.catalina.core.AprLifecycleListener.lifecycleEvent APR 버전 [1.7.4]을(를) 사용한, APR 기반 Apache Tomcat Native 라이브러리 [1.2.39]을(를) 로드했습니다.
05-Dec-2023 12:37:08.690 INFO [main] org.apache.catalina.core.AprLifecycleListener.lifecycleEvent APR 용량정보들: IPv6 [true], sendfile [true], accept filters [false], random [true], UDS [true].
05-Dec-2023 12:37:08.690 INFO [main] org.apache.catalina.core.AprLifecycleListener.lifecycleEvent APR/OpenSSL 설정: useAprConnector [false], useOpenSSL [true]
05-Dec-2023 12:37:08.695 INFO [main] org.apache.catalina.core.AprLifecycleListener.initializeSSL OpenSSL이 성공적으로 초기화되었습니다: [OpenSSL 3.0.11 19 Sep 2023]
05-Dec-2023 12:37:08.970 INFO [main] org.apache.coyote.AbstractProtocol.init 프로토콜 핸들러 ["http-nio-8002"]을(를) 초기화합니다.
05-Dec-2023 12:37:08.998 INFO [main] org.apache.catalina.startup.Catalina.load [482] 밀리초 내에 서버가 초기화되었습니다.
05-Dec-2023 12:37:09.059 INFO [main] org.apache.catalina.core.StandardService.startInternal 서비스 [Catalina]을(를) 시작합니다.
05-Dec-2023 12:37:09.060 INFO [main] org.apache.catalina.core.StandardEngine.startInternal 서버 엔진을 시작합니다: [Apache Tomcat/9.0.83]
05-Dec-2023 12:37:09.068 INFO [main] org.apache.catalina.startup.HostConfig.deployDescriptor 배치 descriptor [D:\01-STUDY\Kim\7_SpringBoot\cafe\conf\Catalina\localhost\ROOT.xml]을(를) 배치합니다.
05-Dec-2023 12:37:12.574 INFO [main] org.apache.jasper.servlet.TldScanner.scanJars 적어도 하나의 JAR가 TLD들을 찾기 위해 스캔되었으나 아무 것도 찾지 못했습니다. 스캔했으나 TLD가 없는 JAR들의 전체 목록을 보시려면, 로그 레벨을 디버그 레벨로 설정하십시오. 스캔 과정에서 불필요한 JAR들을 건너뛰면, 시스템 시작 시간과 JSP 컴파일 시간을 단축시킬 수 있습니다.
05-Dec-2023 12:37:12.704 INFO [main] org.apache.catalina.startup.HostConfig.deployDescriptor 배치 descriptor [D:\01-STUDY\Kim\7_SpringBoot\cafe\conf\Catalina\localhost\ROOT.xml]의 배치가 [3,636] 밀리초 내에 완료되었습니다.
05-Dec-2023 12:37:12.707 INFO [main] org.apache.coyote.AbstractProtocol.start 프로토콜 핸들러 ["http-nio-8002"]을(를) 시작합니다.
05-Dec-2023 12:37:12.747 INFO [main] org.apache.catalina.startup.Catalina.start 서버가 [3748] 밀리초 내에 시작되었습니다.
05-Dec-2023 12:44:13.455 INFO [Thread-1] org.apache.coyote.AbstractProtocol.pause 프로토콜 핸들러 ["http-nio-8002"]을(를) 일시 정지 중
05-Dec-2023 12:44:13.480 INFO [Thread-1] org.apache.catalina.core.StandardService.stopInternal 서비스 [Catalina]을(를) 중지시킵니다.
05-Dec-2023 12:44:13.501 INFO [Thread-1] org.apache.coyote.AbstractProtocol.stop 프로토콜 핸들러 ["http-nio-8002"]을(를) 중지시킵니다.
05-Dec-2023 12:44:13.506 INFO [Thread-1] org.apache.coyote.AbstractProtocol.destroy 프로토콜 핸들러 ["http-nio-8002"]을(를) 소멸시킵니다.
05-Dec-2023 12:44:17.251 INFO [main] org.apache.catalina.startup.VersionLoggerListener.log 서버 버전 이름:    Apache Tomcat/9.0.83
05-Dec-2023 12:44:17.255 INFO [main] org.apache.catalina.startup.VersionLoggerListener.log Server 빌드 시각:  Nov 9 2023 20:57:42 UTC
05-Dec-2023 12:44:17.255 INFO [main] org.apache.catalina.startup.VersionLoggerListener.log Server 버전 번호:  9.0.83.0
05-Dec-2023 12:44:17.255 INFO [main] org.apache.catalina.startup.VersionLoggerListener.log 운영체제 이름:     Windows 10
05-Dec-2023 12:44:17.255 INFO [main] org.apache.catalina.startup.VersionLoggerListener.log 운영체제 버전:     10.0
05-Dec-2023 12:44:17.255 INFO [main] org.apache.catalina.startup.VersionLoggerListener.log 아키텍처:          amd64
05-Dec-2023 12:44:17.255 INFO [main] org.apache.catalina.startup.VersionLoggerListener.log 자바 홈:           C:\Program Files\Java\jdk-11
05-Dec-2023 12:44:17.255 INFO [main] org.apache.catalina.startup.VersionLoggerListener.log JVM 버전:          11.0.20+9-LTS-256
05-Dec-2023 12:44:17.255 INFO [main] org.apache.catalina.startup.VersionLoggerListener.log JVM 벤더:          Oracle Corporation
05-Dec-2023 12:44:17.255 INFO [main] org.apache.catalina.startup.VersionLoggerListener.log CATALINA_BASE:     D:\01-STUDY\Kim\7_SpringBoot\cafe
05-Dec-2023 12:44:17.255 INFO [main] org.apache.catalina.startup.VersionLoggerListener.log CATALINA_HOME:     C:\apache-tomcat-9.0.83
05-Dec-2023 12:44:17.265 INFO [main] org.apache.catalina.startup.VersionLoggerListener.log 명령 행 아규먼트:  --add-opens=java.base/java.lang=ALL-UNNAMED
05-Dec-2023 12:44:17.265 INFO [main] org.apache.catalina.startup.VersionLoggerListener.log 명령 행 아규먼트:  --add-opens=java.base/java.io=ALL-UNNAMED
05-Dec-2023 12:44:17.266 INFO [main] org.apache.catalina.startup.VersionLoggerListener.log 명령 행 아규먼트:  --add-opens=java.base/java.util=ALL-UNNAMED
05-Dec-2023 12:44:17.266 INFO [main] org.apache.catalina.startup.VersionLoggerListener.log 명령 행 아규먼트:  --add-opens=java.base/java.util.concurrent=ALL-UNNAMED
05-Dec-2023 12:44:17.266 INFO [main] org.apache.catalina.startup.VersionLoggerListener.log 명령 행 아규먼트:  --add-opens=java.rmi/sun.rmi.transport=ALL-UNNAMED
05-Dec-2023 12:44:17.266 INFO [main] org.apache.catalina.startup.VersionLoggerListener.log 명령 행 아규먼트:  -Dfile.encoding=UTF-8
05-Dec-2023 12:44:17.266 INFO [main] org.apache.catalina.startup.VersionLoggerListener.log 명령 행 아규먼트:  -Dcatalina.home=C:\apache-tomcat-9.0.83
05-Dec-2023 12:44:17.266 INFO [main] org.apache.catalina.startup.VersionLoggerListener.log 명령 행 아규먼트:  -Dcatalina.base=D:\01-STUDY\Kim\7_SpringBoot\cafe
05-Dec-2023 12:44:17.266 INFO [main] org.apache.catalina.startup.VersionLoggerListener.log 명령 행 아규먼트:  -Djava.io.tmpdir=D:\01-STUDY\Kim\7_SpringBoot\cafe\temp
05-Dec-2023 12:44:17.266 INFO [main] org.apache.catalina.startup.VersionLoggerListener.log 명령 행 아규먼트:  -Djava.util.logging.config.file=D:\01-STUDY\Kim\7_SpringBoot\cafe\conf\logging.properties
05-Dec-2023 12:44:17.266 INFO [main] org.apache.catalina.startup.VersionLoggerListener.log 명령 행 아규먼트:  -Djava.util.logging.manager=org.apache.juli.ClassLoaderLogManager
05-Dec-2023 12:44:17.266 INFO [main] org.apache.catalina.startup.VersionLoggerListener.log 명령 행 아규먼트:  -javaagent:C:\Program Files\JetBrains\IntelliJ IDEA Community Edition 2023.2.4\lib\idea_rt.jar=54688:C:\Program Files\JetBrains\IntelliJ IDEA Community Edition 2023.2.4\bin
05-Dec-2023 12:44:17.269 INFO [main] org.apache.catalina.core.AprLifecycleListener.lifecycleEvent APR 버전 [1.7.4]을(를) 사용한, APR 기반 Apache Tomcat Native 라이브러리 [1.2.39]을(를) 로드했습니다.
05-Dec-2023 12:44:17.269 INFO [main] org.apache.catalina.core.AprLifecycleListener.lifecycleEvent APR 용량정보들: IPv6 [true], sendfile [true], accept filters [false], random [true], UDS [true].
05-Dec-2023 12:44:17.269 INFO [main] org.apache.catalina.core.AprLifecycleListener.lifecycleEvent APR/OpenSSL 설정: useAprConnector [false], useOpenSSL [true]
05-Dec-2023 12:44:17.275 INFO [main] org.apache.catalina.core.AprLifecycleListener.initializeSSL OpenSSL이 성공적으로 초기화되었습니다: [OpenSSL 3.0.11 19 Sep 2023]
05-Dec-2023 12:44:17.537 INFO [main] org.apache.coyote.AbstractProtocol.init 프로토콜 핸들러 ["http-nio-8002"]을(를) 초기화합니다.
05-Dec-2023 12:44:17.563 INFO [main] org.apache.catalina.startup.Catalina.load [483] 밀리초 내에 서버가 초기화되었습니다.
05-Dec-2023 12:44:17.620 INFO [main] org.apache.catalina.core.StandardService.startInternal 서비스 [Catalina]을(를) 시작합니다.
05-Dec-2023 12:44:17.620 INFO [main] org.apache.catalina.core.StandardEngine.startInternal 서버 엔진을 시작합니다: [Apache Tomcat/9.0.83]
05-Dec-2023 12:44:17.629 INFO [main] org.apache.catalina.startup.HostConfig.deployDescriptor 배치 descriptor [D:\01-STUDY\Kim\7_SpringBoot\cafe\conf\Catalina\localhost\ROOT.xml]을(를) 배치합니다.
05-Dec-2023 12:44:21.148 INFO [main] org.apache.jasper.servlet.TldScanner.scanJars 적어도 하나의 JAR가 TLD들을 찾기 위해 스캔되었으나 아무 것도 찾지 못했습니다. 스캔했으나 TLD가 없는 JAR들의 전체 목록을 보시려면, 로그 레벨을 디버그 레벨로 설정하십시오. 스캔 과정에서 불필요한 JAR들을 건너뛰면, 시스템 시작 시간과 JSP 컴파일 시간을 단축시킬 수 있습니다.
05-Dec-2023 12:44:21.274 INFO [main] org.apache.catalina.startup.HostConfig.deployDescriptor 배치 descriptor [D:\01-STUDY\Kim\7_SpringBoot\cafe\conf\Catalina\localhost\ROOT.xml]의 배치가 [3,644] 밀리초 내에 완료되었습니다.
05-Dec-2023 12:44:21.277 INFO [main] org.apache.coyote.AbstractProtocol.start 프로토콜 핸들러 ["http-nio-8002"]을(를) 시작합니다.
05-Dec-2023 12:44:21.316 INFO [main] org.apache.catalina.startup.Catalina.start 서버가 [3751] 밀리초 내에 시작되었습니다.
05-Dec-2023 12:44:38.900 INFO [Thread-1] org.apache.coyote.AbstractProtocol.pause 프로토콜 핸들러 ["http-nio-8002"]을(를) 일시 정지 중
05-Dec-2023 12:44:38.924 INFO [Thread-1] org.apache.catalina.core.StandardService.stopInternal 서비스 [Catalina]을(를) 중지시킵니다.
05-Dec-2023 12:44:38.946 INFO [Thread-1] org.apache.coyote.AbstractProtocol.stop 프로토콜 핸들러 ["http-nio-8002"]을(를) 중지시킵니다.
05-Dec-2023 12:44:38.953 INFO [Thread-1] org.apache.coyote.AbstractProtocol.destroy 프로토콜 핸들러 ["http-nio-8002"]을(를) 소멸시킵니다.
05-Dec-2023 12:44:41.572 INFO [main] org.apache.catalina.startup.VersionLoggerListener.log 서버 버전 이름:    Apache Tomcat/9.0.83
05-Dec-2023 12:44:41.575 INFO [main] org.apache.catalina.startup.VersionLoggerListener.log Server 빌드 시각:  Nov 9 2023 20:57:42 UTC
05-Dec-2023 12:44:41.575 INFO [main] org.apache.catalina.startup.VersionLoggerListener.log Server 버전 번호:  9.0.83.0
05-Dec-2023 12:44:41.575 INFO [main] org.apache.catalina.startup.VersionLoggerListener.log 운영체제 이름:     Windows 10
05-Dec-2023 12:44:41.575 INFO [main] org.apache.catalina.startup.VersionLoggerListener.log 운영체제 버전:     10.0
05-Dec-2023 12:44:41.575 INFO [main] org.apache.catalina.startup.VersionLoggerListener.log 아키텍처:          amd64
05-Dec-2023 12:44:41.575 INFO [main] org.apache.catalina.startup.VersionLoggerListener.log 자바 홈:           C:\Program Files\Java\jdk-11
05-Dec-2023 12:44:41.575 INFO [main] org.apache.catalina.startup.VersionLoggerListener.log JVM 버전:          11.0.20+9-LTS-256
05-Dec-2023 12:44:41.575 INFO [main] org.apache.catalina.startup.VersionLoggerListener.log JVM 벤더:          Oracle Corporation
05-Dec-2023 12:44:41.575 INFO [main] org.apache.catalina.startup.VersionLoggerListener.log CATALINA_BASE:     D:\01-STUDY\Kim\7_SpringBoot\cafe
05-Dec-2023 12:44:41.576 INFO [main] org.apache.catalina.startup.VersionLoggerListener.log CATALINA_HOME:     C:\apache-tomcat-9.0.83
05-Dec-2023 12:44:41.584 INFO [main] org.apache.catalina.startup.VersionLoggerListener.log 명령 행 아규먼트:  --add-opens=java.base/java.lang=ALL-UNNAMED
05-Dec-2023 12:44:41.584 INFO [main] org.apache.catalina.startup.VersionLoggerListener.log 명령 행 아규먼트:  --add-opens=java.base/java.io=ALL-UNNAMED
05-Dec-2023 12:44:41.584 INFO [main] org.apache.catalina.startup.VersionLoggerListener.log 명령 행 아규먼트:  --add-opens=java.base/java.util=ALL-UNNAMED
05-Dec-2023 12:44:41.585 INFO [main] org.apache.catalina.startup.VersionLoggerListener.log 명령 행 아규먼트:  --add-opens=java.base/java.util.concurrent=ALL-UNNAMED
05-Dec-2023 12:44:41.585 INFO [main] org.apache.catalina.startup.VersionLoggerListener.log 명령 행 아규먼트:  --add-opens=java.rmi/sun.rmi.transport=ALL-UNNAMED
05-Dec-2023 12:44:41.585 INFO [main] org.apache.catalina.startup.VersionLoggerListener.log 명령 행 아규먼트:  -Dfile.encoding=UTF-8
05-Dec-2023 12:44:41.585 INFO [main] org.apache.catalina.startup.VersionLoggerListener.log 명령 행 아규먼트:  -Dcatalina.home=C:\apache-tomcat-9.0.83
05-Dec-2023 12:44:41.585 INFO [main] org.apache.catalina.startup.VersionLoggerListener.log 명령 행 아규먼트:  -Dcatalina.base=D:\01-STUDY\Kim\7_SpringBoot\cafe
05-Dec-2023 12:44:41.585 INFO [main] org.apache.catalina.startup.VersionLoggerListener.log 명령 행 아규먼트:  -Djava.io.tmpdir=D:\01-STUDY\Kim\7_SpringBoot\cafe\temp
05-Dec-2023 12:44:41.585 INFO [main] org.apache.catalina.startup.VersionLoggerListener.log 명령 행 아규먼트:  -Djava.util.logging.config.file=D:\01-STUDY\Kim\7_SpringBoot\cafe\conf\logging.properties
05-Dec-2023 12:44:41.585 INFO [main] org.apache.catalina.startup.VersionLoggerListener.log 명령 행 아규먼트:  -Djava.util.logging.manager=org.apache.juli.ClassLoaderLogManager
05-Dec-2023 12:44:41.585 INFO [main] org.apache.catalina.startup.VersionLoggerListener.log 명령 행 아규먼트:  -javaagent:C:\Program Files\JetBrains\IntelliJ IDEA Community Edition 2023.2.4\lib\idea_rt.jar=54701:C:\Program Files\JetBrains\IntelliJ IDEA Community Edition 2023.2.4\bin
05-Dec-2023 12:44:41.587 INFO [main] org.apache.catalina.core.AprLifecycleListener.lifecycleEvent APR 버전 [1.7.4]을(를) 사용한, APR 기반 Apache Tomcat Native 라이브러리 [1.2.39]을(를) 로드했습니다.
05-Dec-2023 12:44:41.588 INFO [main] org.apache.catalina.core.AprLifecycleListener.lifecycleEvent APR 용량정보들: IPv6 [true], sendfile [true], accept filters [false], random [true], UDS [true].
05-Dec-2023 12:44:41.588 INFO [main] org.apache.catalina.core.AprLifecycleListener.lifecycleEvent APR/OpenSSL 설정: useAprConnector [false], useOpenSSL [true]
05-Dec-2023 12:44:41.593 INFO [main] org.apache.catalina.core.AprLifecycleListener.initializeSSL OpenSSL이 성공적으로 초기화되었습니다: [OpenSSL 3.0.11 19 Sep 2023]
05-Dec-2023 12:44:41.865 INFO [main] org.apache.coyote.AbstractProtocol.init 프로토콜 핸들러 ["http-nio-8002"]을(를) 초기화합니다.
05-Dec-2023 12:44:41.890 INFO [main] org.apache.catalina.startup.Catalina.load [478] 밀리초 내에 서버가 초기화되었습니다.
05-Dec-2023 12:44:41.953 INFO [main] org.apache.catalina.core.StandardService.startInternal 서비스 [Catalina]을(를) 시작합니다.
05-Dec-2023 12:44:41.954 INFO [main] org.apache.catalina.core.StandardEngine.startInternal 서버 엔진을 시작합니다: [Apache Tomcat/9.0.83]
05-Dec-2023 12:44:41.963 INFO [main] org.apache.catalina.startup.HostConfig.deployDescriptor 배치 descriptor [D:\01-STUDY\Kim\7_SpringBoot\cafe\conf\Catalina\localhost\ROOT.xml]을(를) 배치합니다.
05-Dec-2023 12:44:45.582 INFO [main] org.apache.jasper.servlet.TldScanner.scanJars 적어도 하나의 JAR가 TLD들을 찾기 위해 스캔되었으나 아무 것도 찾지 못했습니다. 스캔했으나 TLD가 없는 JAR들의 전체 목록을 보시려면, 로그 레벨을 디버그 레벨로 설정하십시오. 스캔 과정에서 불필요한 JAR들을 건너뛰면, 시스템 시작 시간과 JSP 컴파일 시간을 단축시킬 수 있습니다.
05-Dec-2023 12:44:45.705 INFO [main] org.apache.catalina.startup.HostConfig.deployDescriptor 배치 descriptor [D:\01-STUDY\Kim\7_SpringBoot\cafe\conf\Catalina\localhost\ROOT.xml]의 배치가 [3,741] 밀리초 내에 완료되었습니다.
05-Dec-2023 12:44:45.707 INFO [main] org.apache.coyote.AbstractProtocol.start 프로토콜 핸들러 ["http-nio-8002"]을(를) 시작합니다.
05-Dec-2023 12:44:45.747 INFO [main] org.apache.catalina.startup.Catalina.start 서버가 [3856] 밀리초 내에 시작되었습니다.
05-Dec-2023 12:44:59.481 INFO [Thread-1] org.apache.coyote.AbstractProtocol.pause 프로토콜 핸들러 ["http-nio-8002"]을(를) 일시 정지 중
05-Dec-2023 12:44:59.504 INFO [Thread-1] org.apache.catalina.core.StandardService.stopInternal 서비스 [Catalina]을(를) 중지시킵니다.
05-Dec-2023 12:44:59.531 INFO [Thread-1] org.apache.coyote.AbstractProtocol.stop 프로토콜 핸들러 ["http-nio-8002"]을(를) 중지시킵니다.
05-Dec-2023 12:44:59.546 INFO [Thread-1] org.apache.coyote.AbstractProtocol.destroy 프로토콜 핸들러 ["http-nio-8002"]을(를) 소멸시킵니다.
05-Dec-2023 12:45:02.035 INFO [main] org.apache.catalina.startup.VersionLoggerListener.log 서버 버전 이름:    Apache Tomcat/9.0.83
05-Dec-2023 12:45:02.037 INFO [main] org.apache.catalina.startup.VersionLoggerListener.log Server 빌드 시각:  Nov 9 2023 20:57:42 UTC
05-Dec-2023 12:45:02.037 INFO [main] org.apache.catalina.startup.VersionLoggerListener.log Server 버전 번호:  9.0.83.0
05-Dec-2023 12:45:02.037 INFO [main] org.apache.catalina.startup.VersionLoggerListener.log 운영체제 이름:     Windows 10
05-Dec-2023 12:45:02.038 INFO [main] org.apache.catalina.startup.VersionLoggerListener.log 운영체제 버전:     10.0
05-Dec-2023 12:45:02.038 INFO [main] org.apache.catalina.startup.VersionLoggerListener.log 아키텍처:          amd64
05-Dec-2023 12:45:02.038 INFO [main] org.apache.catalina.startup.VersionLoggerListener.log 자바 홈:           C:\Program Files\Java\jdk-11
05-Dec-2023 12:45:02.038 INFO [main] org.apache.catalina.startup.VersionLoggerListener.log JVM 버전:          11.0.20+9-LTS-256
05-Dec-2023 12:45:02.038 INFO [main] org.apache.catalina.startup.VersionLoggerListener.log JVM 벤더:          Oracle Corporation
05-Dec-2023 12:45:02.038 INFO [main] org.apache.catalina.startup.VersionLoggerListener.log CATALINA_BASE:     D:\01-STUDY\Kim\7_SpringBoot\cafe
05-Dec-2023 12:45:02.038 INFO [main] org.apache.catalina.startup.VersionLoggerListener.log CATALINA_HOME:     C:\apache-tomcat-9.0.83
05-Dec-2023 12:45:02.045 INFO [main] org.apache.catalina.startup.VersionLoggerListener.log 명령 행 아규먼트:  --add-opens=java.base/java.lang=ALL-UNNAMED
05-Dec-2023 12:45:02.045 INFO [main] org.apache.catalina.startup.VersionLoggerListener.log 명령 행 아규먼트:  --add-opens=java.base/java.io=ALL-UNNAMED
05-Dec-2023 12:45:02.045 INFO [main] org.apache.catalina.startup.VersionLoggerListener.log 명령 행 아규먼트:  --add-opens=java.base/java.util=ALL-UNNAMED
05-Dec-2023 12:45:02.045 INFO [main] org.apache.catalina.startup.VersionLoggerListener.log 명령 행 아규먼트:  --add-opens=java.base/java.util.concurrent=ALL-UNNAMED
05-Dec-2023 12:45:02.045 INFO [main] org.apache.catalina.startup.VersionLoggerListener.log 명령 행 아규먼트:  --add-opens=java.rmi/sun.rmi.transport=ALL-UNNAMED
05-Dec-2023 12:45:02.046 INFO [main] org.apache.catalina.startup.VersionLoggerListener.log 명령 행 아규먼트:  -Dfile.encoding=UTF-8
05-Dec-2023 12:45:02.046 INFO [main] org.apache.catalina.startup.VersionLoggerListener.log 명령 행 아규먼트:  -Dcatalina.home=C:\apache-tomcat-9.0.83
05-Dec-2023 12:45:02.046 INFO [main] org.apache.catalina.startup.VersionLoggerListener.log 명령 행 아규먼트:  -Dcatalina.base=D:\01-STUDY\Kim\7_SpringBoot\cafe
05-Dec-2023 12:45:02.046 INFO [main] org.apache.catalina.startup.VersionLoggerListener.log 명령 행 아규먼트:  -Djava.io.tmpdir=D:\01-STUDY\Kim\7_SpringBoot\cafe\temp
05-Dec-2023 12:45:02.046 INFO [main] org.apache.catalina.startup.VersionLoggerListener.log 명령 행 아규먼트:  -Djava.util.logging.config.file=D:\01-STUDY\Kim\7_SpringBoot\cafe\conf\logging.properties
05-Dec-2023 12:45:02.046 INFO [main] org.apache.catalina.startup.VersionLoggerListener.log 명령 행 아규먼트:  -Djava.util.logging.manager=org.apache.juli.ClassLoaderLogManager
05-Dec-2023 12:45:02.046 INFO [main] org.apache.catalina.startup.VersionLoggerListener.log 명령 행 아규먼트:  -javaagent:C:\Program Files\JetBrains\IntelliJ IDEA Community Edition 2023.2.4\lib\idea_rt.jar=54713:C:\Program Files\JetBrains\IntelliJ IDEA Community Edition 2023.2.4\bin
05-Dec-2023 12:45:02.048 INFO [main] org.apache.catalina.core.AprLifecycleListener.lifecycleEvent APR 버전 [1.7.4]을(를) 사용한, APR 기반 Apache Tomcat Native 라이브러리 [1.2.39]을(를) 로드했습니다.
05-Dec-2023 12:45:02.048 INFO [main] org.apache.catalina.core.AprLifecycleListener.lifecycleEvent APR 용량정보들: IPv6 [true], sendfile [true], accept filters [false], random [true], UDS [true].
05-Dec-2023 12:45:02.048 INFO [main] org.apache.catalina.core.AprLifecycleListener.lifecycleEvent APR/OpenSSL 설정: useAprConnector [false], useOpenSSL [true]
05-Dec-2023 12:45:02.053 INFO [main] org.apache.catalina.core.AprLifecycleListener.initializeSSL OpenSSL이 성공적으로 초기화되었습니다: [OpenSSL 3.0.11 19 Sep 2023]
05-Dec-2023 12:45:02.307 INFO [main] org.apache.coyote.AbstractProtocol.init 프로토콜 핸들러 ["http-nio-8002"]을(를) 초기화합니다.
05-Dec-2023 12:45:02.338 INFO [main] org.apache.catalina.startup.Catalina.load [449] 밀리초 내에 서버가 초기화되었습니다.
05-Dec-2023 12:45:02.394 INFO [main] org.apache.catalina.core.StandardService.startInternal 서비스 [Catalina]을(를) 시작합니다.
05-Dec-2023 12:45:02.394 INFO [main] org.apache.catalina.core.StandardEngine.startInternal 서버 엔진을 시작합니다: [Apache Tomcat/9.0.83]
05-Dec-2023 12:45:02.409 INFO [main] org.apache.catalina.startup.HostConfig.deployDescriptor 배치 descriptor [D:\01-STUDY\Kim\7_SpringBoot\cafe\conf\Catalina\localhost\ROOT.xml]을(를) 배치합니다.
05-Dec-2023 12:45:05.879 INFO [main] org.apache.jasper.servlet.TldScanner.scanJars 적어도 하나의 JAR가 TLD들을 찾기 위해 스캔되었으나 아무 것도 찾지 못했습니다. 스캔했으나 TLD가 없는 JAR들의 전체 목록을 보시려면, 로그 레벨을 디버그 레벨로 설정하십시오. 스캔 과정에서 불필요한 JAR들을 건너뛰면, 시스템 시작 시간과 JSP 컴파일 시간을 단축시킬 수 있습니다.
05-Dec-2023 12:45:06.002 INFO [main] org.apache.catalina.startup.HostConfig.deployDescriptor 배치 descriptor [D:\01-STUDY\Kim\7_SpringBoot\cafe\conf\Catalina\localhost\ROOT.xml]의 배치가 [3,592] 밀리초 내에 완료되었습니다.
05-Dec-2023 12:45:06.005 INFO [main] org.apache.coyote.AbstractProtocol.start 프로토콜 핸들러 ["http-nio-8002"]을(를) 시작합니다.
05-Dec-2023 12:45:06.046 INFO [main] org.apache.catalina.startup.Catalina.start 서버가 [3707] 밀리초 내에 시작되었습니다.
05-Dec-2023 12:46:24.129 INFO [Thread-1] org.apache.coyote.AbstractProtocol.pause 프로토콜 핸들러 ["http-nio-8002"]을(를) 일시 정지 중
05-Dec-2023 12:46:24.154 INFO [Thread-1] org.apache.catalina.core.StandardService.stopInternal 서비스 [Catalina]을(를) 중지시킵니다.
05-Dec-2023 12:46:24.179 INFO [Thread-1] org.apache.coyote.AbstractProtocol.stop 프로토콜 핸들러 ["http-nio-8002"]을(를) 중지시킵니다.
05-Dec-2023 12:46:24.191 INFO [Thread-1] org.apache.coyote.AbstractProtocol.destroy 프로토콜 핸들러 ["http-nio-8002"]을(를) 소멸시킵니다.
05-Dec-2023 12:46:26.698 INFO [main] org.apache.catalina.startup.VersionLoggerListener.log 서버 버전 이름:    Apache Tomcat/9.0.83
05-Dec-2023 12:46:26.700 INFO [main] org.apache.catalina.startup.VersionLoggerListener.log Server 빌드 시각:  Nov 9 2023 20:57:42 UTC
05-Dec-2023 12:46:26.700 INFO [main] org.apache.catalina.startup.VersionLoggerListener.log Server 버전 번호:  9.0.83.0
05-Dec-2023 12:46:26.700 INFO [main] org.apache.catalina.startup.VersionLoggerListener.log 운영체제 이름:     Windows 10
05-Dec-2023 12:46:26.700 INFO [main] org.apache.catalina.startup.VersionLoggerListener.log 운영체제 버전:     10.0
05-Dec-2023 12:46:26.700 INFO [main] org.apache.catalina.startup.VersionLoggerListener.log 아키텍처:          amd64
05-Dec-2023 12:46:26.701 INFO [main] org.apache.catalina.startup.VersionLoggerListener.log 자바 홈:           C:\Program Files\Java\jdk-11
05-Dec-2023 12:46:26.701 INFO [main] org.apache.catalina.startup.VersionLoggerListener.log JVM 버전:          11.0.20+9-LTS-256
05-Dec-2023 12:46:26.701 INFO [main] org.apache.catalina.startup.VersionLoggerListener.log JVM 벤더:          Oracle Corporation
05-Dec-2023 12:46:26.701 INFO [main] org.apache.catalina.startup.VersionLoggerListener.log CATALINA_BASE:     D:\01-STUDY\Kim\7_SpringBoot\cafe
05-Dec-2023 12:46:26.701 INFO [main] org.apache.catalina.startup.VersionLoggerListener.log CATALINA_HOME:     C:\apache-tomcat-9.0.83
05-Dec-2023 12:46:26.708 INFO [main] org.apache.catalina.startup.VersionLoggerListener.log 명령 행 아규먼트:  --add-opens=java.base/java.lang=ALL-UNNAMED
05-Dec-2023 12:46:26.708 INFO [main] org.apache.catalina.startup.VersionLoggerListener.log 명령 행 아규먼트:  --add-opens=java.base/java.io=ALL-UNNAMED
05-Dec-2023 12:46:26.708 INFO [main] org.apache.catalina.startup.VersionLoggerListener.log 명령 행 아규먼트:  --add-opens=java.base/java.util=ALL-UNNAMED
05-Dec-2023 12:46:26.708 INFO [main] org.apache.catalina.startup.VersionLoggerListener.log 명령 행 아규먼트:  --add-opens=java.base/java.util.concurrent=ALL-UNNAMED
05-Dec-2023 12:46:26.708 INFO [main] org.apache.catalina.startup.VersionLoggerListener.log 명령 행 아규먼트:  --add-opens=java.rmi/sun.rmi.transport=ALL-UNNAMED
05-Dec-2023 12:46:26.708 INFO [main] org.apache.catalina.startup.VersionLoggerListener.log 명령 행 아규먼트:  -Dfile.encoding=UTF-8
05-Dec-2023 12:46:26.708 INFO [main] org.apache.catalina.startup.VersionLoggerListener.log 명령 행 아규먼트:  -Dcatalina.home=C:\apache-tomcat-9.0.83
05-Dec-2023 12:46:26.708 INFO [main] org.apache.catalina.startup.VersionLoggerListener.log 명령 행 아규먼트:  -Dcatalina.base=D:\01-STUDY\Kim\7_SpringBoot\cafe
05-Dec-2023 12:46:26.708 INFO [main] org.apache.catalina.startup.VersionLoggerListener.log 명령 행 아규먼트:  -Djava.io.tmpdir=D:\01-STUDY\Kim\7_SpringBoot\cafe\temp
05-Dec-2023 12:46:26.709 INFO [main] org.apache.catalina.startup.VersionLoggerListener.log 명령 행 아규먼트:  -Djava.util.logging.config.file=D:\01-STUDY\Kim\7_SpringBoot\cafe\conf\logging.properties
05-Dec-2023 12:46:26.709 INFO [main] org.apache.catalina.startup.VersionLoggerListener.log 명령 행 아규먼트:  -Djava.util.logging.manager=org.apache.juli.ClassLoaderLogManager
05-Dec-2023 12:46:26.709 INFO [main] org.apache.catalina.startup.VersionLoggerListener.log 명령 행 아규먼트:  -javaagent:C:\Program Files\JetBrains\IntelliJ IDEA Community Edition 2023.2.4\lib\idea_rt.jar=54735:C:\Program Files\JetBrains\IntelliJ IDEA Community Edition 2023.2.4\bin
05-Dec-2023 12:46:26.711 INFO [main] org.apache.catalina.core.AprLifecycleListener.lifecycleEvent APR 버전 [1.7.4]을(를) 사용한, APR 기반 Apache Tomcat Native 라이브러리 [1.2.39]을(를) 로드했습니다.
05-Dec-2023 12:46:26.711 INFO [main] org.apache.catalina.core.AprLifecycleListener.lifecycleEvent APR 용량정보들: IPv6 [true], sendfile [true], accept filters [false], random [true], UDS [true].
05-Dec-2023 12:46:26.711 INFO [main] org.apache.catalina.core.AprLifecycleListener.lifecycleEvent APR/OpenSSL 설정: useAprConnector [false], useOpenSSL [true]
05-Dec-2023 12:46:26.716 INFO [main] org.apache.catalina.core.AprLifecycleListener.initializeSSL OpenSSL이 성공적으로 초기화되었습니다: [OpenSSL 3.0.11 19 Sep 2023]
05-Dec-2023 12:46:26.962 INFO [main] org.apache.coyote.AbstractProtocol.init 프로토콜 핸들러 ["http-nio-8002"]을(를) 초기화합니다.
05-Dec-2023 12:46:26.986 INFO [main] org.apache.catalina.startup.Catalina.load [442] 밀리초 내에 서버가 초기화되었습니다.
05-Dec-2023 12:46:27.049 INFO [main] org.apache.catalina.core.StandardService.startInternal 서비스 [Catalina]을(를) 시작합니다.
05-Dec-2023 12:46:27.050 INFO [main] org.apache.catalina.core.StandardEngine.startInternal 서버 엔진을 시작합니다: [Apache Tomcat/9.0.83]
05-Dec-2023 12:46:27.059 INFO [main] org.apache.catalina.startup.HostConfig.deployDescriptor 배치 descriptor [D:\01-STUDY\Kim\7_SpringBoot\cafe\conf\Catalina\localhost\ROOT.xml]을(를) 배치합니다.
05-Dec-2023 12:46:30.758 INFO [main] org.apache.jasper.servlet.TldScanner.scanJars 적어도 하나의 JAR가 TLD들을 찾기 위해 스캔되었으나 아무 것도 찾지 못했습니다. 스캔했으나 TLD가 없는 JAR들의 전체 목록을 보시려면, 로그 레벨을 디버그 레벨로 설정하십시오. 스캔 과정에서 불필요한 JAR들을 건너뛰면, 시스템 시작 시간과 JSP 컴파일 시간을 단축시킬 수 있습니다.
05-Dec-2023 12:46:30.883 INFO [main] org.apache.catalina.startup.HostConfig.deployDescriptor 배치 descriptor [D:\01-STUDY\Kim\7_SpringBoot\cafe\conf\Catalina\localhost\ROOT.xml]의 배치가 [3,824] 밀리초 내에 완료되었습니다.
05-Dec-2023 12:46:30.887 INFO [main] org.apache.coyote.AbstractProtocol.start 프로토콜 핸들러 ["http-nio-8002"]을(를) 시작합니다.
05-Dec-2023 12:46:30.926 INFO [main] org.apache.catalina.startup.Catalina.start 서버가 [3939] 밀리초 내에 시작되었습니다.
05-Dec-2023 12:46:51.928 INFO [Thread-1] org.apache.coyote.AbstractProtocol.pause 프로토콜 핸들러 ["http-nio-8002"]을(를) 일시 정지 중
05-Dec-2023 12:46:51.950 INFO [Thread-1] org.apache.catalina.core.StandardService.stopInternal 서비스 [Catalina]을(를) 중지시킵니다.
05-Dec-2023 12:46:51.972 INFO [Thread-1] org.apache.coyote.AbstractProtocol.stop 프로토콜 핸들러 ["http-nio-8002"]을(를) 중지시킵니다.
05-Dec-2023 12:46:51.983 INFO [Thread-1] org.apache.coyote.AbstractProtocol.destroy 프로토콜 핸들러 ["http-nio-8002"]을(를) 소멸시킵니다.
05-Dec-2023 12:46:54.094 INFO [main] org.apache.catalina.startup.VersionLoggerListener.log 서버 버전 이름:    Apache Tomcat/9.0.83
05-Dec-2023 12:46:54.096 INFO [main] org.apache.catalina.startup.VersionLoggerListener.log Server 빌드 시각:  Nov 9 2023 20:57:42 UTC
05-Dec-2023 12:46:54.097 INFO [main] org.apache.catalina.startup.VersionLoggerListener.log Server 버전 번호:  9.0.83.0
05-Dec-2023 12:46:54.097 INFO [main] org.apache.catalina.startup.VersionLoggerListener.log 운영체제 이름:     Windows 10
05-Dec-2023 12:46:54.097 INFO [main] org.apache.catalina.startup.VersionLoggerListener.log 운영체제 버전:     10.0
05-Dec-2023 12:46:54.097 INFO [main] org.apache.catalina.startup.VersionLoggerListener.log 아키텍처:          amd64
05-Dec-2023 12:46:54.097 INFO [main] org.apache.catalina.startup.VersionLoggerListener.log 자바 홈:           C:\Program Files\Java\jdk-11
05-Dec-2023 12:46:54.097 INFO [main] org.apache.catalina.startup.VersionLoggerListener.log JVM 버전:          11.0.20+9-LTS-256
05-Dec-2023 12:46:54.097 INFO [main] org.apache.catalina.startup.VersionLoggerListener.log JVM 벤더:          Oracle Corporation
05-Dec-2023 12:46:54.097 INFO [main] org.apache.catalina.startup.VersionLoggerListener.log CATALINA_BASE:     D:\01-STUDY\Kim\7_SpringBoot\cafe
05-Dec-2023 12:46:54.097 INFO [main] org.apache.catalina.startup.VersionLoggerListener.log CATALINA_HOME:     C:\apache-tomcat-9.0.83
05-Dec-2023 12:46:54.105 INFO [main] org.apache.catalina.startup.VersionLoggerListener.log 명령 행 아규먼트:  --add-opens=java.base/java.lang=ALL-UNNAMED
05-Dec-2023 12:46:54.105 INFO [main] org.apache.catalina.startup.VersionLoggerListener.log 명령 행 아규먼트:  --add-opens=java.base/java.io=ALL-UNNAMED
05-Dec-2023 12:46:54.105 INFO [main] org.apache.catalina.startup.VersionLoggerListener.log 명령 행 아규먼트:  --add-opens=java.base/java.util=ALL-UNNAMED
05-Dec-2023 12:46:54.105 INFO [main] org.apache.catalina.startup.VersionLoggerListener.log 명령 행 아규먼트:  --add-opens=java.base/java.util.concurrent=ALL-UNNAMED
05-Dec-2023 12:46:54.105 INFO [main] org.apache.catalina.startup.VersionLoggerListener.log 명령 행 아규먼트:  --add-opens=java.rmi/sun.rmi.transport=ALL-UNNAMED
05-Dec-2023 12:46:54.105 INFO [main] org.apache.catalina.startup.VersionLoggerListener.log 명령 행 아규먼트:  -Dfile.encoding=UTF-8
05-Dec-2023 12:46:54.105 INFO [main] org.apache.catalina.startup.VersionLoggerListener.log 명령 행 아규먼트:  -Dcatalina.home=C:\apache-tomcat-9.0.83
05-Dec-2023 12:46:54.105 INFO [main] org.apache.catalina.startup.VersionLoggerListener.log 명령 행 아규먼트:  -Dcatalina.base=D:\01-STUDY\Kim\7_SpringBoot\cafe
05-Dec-2023 12:46:54.105 INFO [main] org.apache.catalina.startup.VersionLoggerListener.log 명령 행 아규먼트:  -Djava.io.tmpdir=D:\01-STUDY\Kim\7_SpringBoot\cafe\temp
05-Dec-2023 12:46:54.105 INFO [main] org.apache.catalina.startup.VersionLoggerListener.log 명령 행 아규먼트:  -Djava.util.logging.config.file=D:\01-STUDY\Kim\7_SpringBoot\cafe\conf\logging.properties
05-Dec-2023 12:46:54.105 INFO [main] org.apache.catalina.startup.VersionLoggerListener.log 명령 행 아규먼트:  -Djava.util.logging.manager=org.apache.juli.ClassLoaderLogManager
05-Dec-2023 12:46:54.105 INFO [main] org.apache.catalina.startup.VersionLoggerListener.log 명령 행 아규먼트:  -javaagent:C:\Program Files\JetBrains\IntelliJ IDEA Community Edition 2023.2.4\lib\idea_rt.jar=54746:C:\Program Files\JetBrains\IntelliJ IDEA Community Edition 2023.2.4\bin
05-Dec-2023 12:46:54.108 INFO [main] org.apache.catalina.core.AprLifecycleListener.lifecycleEvent APR 버전 [1.7.4]을(를) 사용한, APR 기반 Apache Tomcat Native 라이브러리 [1.2.39]을(를) 로드했습니다.
05-Dec-2023 12:46:54.108 INFO [main] org.apache.catalina.core.AprLifecycleListener.lifecycleEvent APR 용량정보들: IPv6 [true], sendfile [true], accept filters [false], random [true], UDS [true].
05-Dec-2023 12:46:54.108 INFO [main] org.apache.catalina.core.AprLifecycleListener.lifecycleEvent APR/OpenSSL 설정: useAprConnector [false], useOpenSSL [true]
05-Dec-2023 12:46:54.112 INFO [main] org.apache.catalina.core.AprLifecycleListener.initializeSSL OpenSSL이 성공적으로 초기화되었습니다: [OpenSSL 3.0.11 19 Sep 2023]
05-Dec-2023 12:46:54.407 INFO [main] org.apache.coyote.AbstractProtocol.init 프로토콜 핸들러 ["http-nio-8002"]을(를) 초기화합니다.
05-Dec-2023 12:46:54.428 INFO [main] org.apache.catalina.startup.Catalina.load [488] 밀리초 내에 서버가 초기화되었습니다.
05-Dec-2023 12:46:54.483 INFO [main] org.apache.catalina.core.StandardService.startInternal 서비스 [Catalina]을(를) 시작합니다.
05-Dec-2023 12:46:54.483 INFO [main] org.apache.catalina.core.StandardEngine.startInternal 서버 엔진을 시작합니다: [Apache Tomcat/9.0.83]
05-Dec-2023 12:46:54.491 INFO [main] org.apache.catalina.startup.HostConfig.deployDescriptor 배치 descriptor [D:\01-STUDY\Kim\7_SpringBoot\cafe\conf\Catalina\localhost\ROOT.xml]을(를) 배치합니다.
05-Dec-2023 12:46:57.980 INFO [main] org.apache.jasper.servlet.TldScanner.scanJars 적어도 하나의 JAR가 TLD들을 찾기 위해 스캔되었으나 아무 것도 찾지 못했습니다. 스캔했으나 TLD가 없는 JAR들의 전체 목록을 보시려면, 로그 레벨을 디버그 레벨로 설정하십시오. 스캔 과정에서 불필요한 JAR들을 건너뛰면, 시스템 시작 시간과 JSP 컴파일 시간을 단축시킬 수 있습니다.
05-Dec-2023 12:46:58.102 INFO [main] org.apache.catalina.startup.HostConfig.deployDescriptor 배치 descriptor [D:\01-STUDY\Kim\7_SpringBoot\cafe\conf\Catalina\localhost\ROOT.xml]의 배치가 [3,611] 밀리초 내에 완료되었습니다.
05-Dec-2023 12:46:58.105 INFO [main] org.apache.coyote.AbstractProtocol.start 프로토콜 핸들러 ["http-nio-8002"]을(를) 시작합니다.
05-Dec-2023 12:46:58.145 INFO [main] org.apache.catalina.startup.Catalina.start 서버가 [3716] 밀리초 내에 시작되었습니다.
05-Dec-2023 12:47:34.826 INFO [Thread-1] org.apache.coyote.AbstractProtocol.pause 프로토콜 핸들러 ["http-nio-8002"]을(를) 일시 정지 중
05-Dec-2023 12:47:34.850 INFO [Thread-1] org.apache.catalina.core.StandardService.stopInternal 서비스 [Catalina]을(를) 중지시킵니다.
05-Dec-2023 12:47:34.872 INFO [Thread-1] org.apache.coyote.AbstractProtocol.stop 프로토콜 핸들러 ["http-nio-8002"]을(를) 중지시킵니다.
05-Dec-2023 12:47:34.889 INFO [Thread-1] org.apache.coyote.AbstractProtocol.destroy 프로토콜 핸들러 ["http-nio-8002"]을(를) 소멸시킵니다.
05-Dec-2023 12:47:37.545 INFO [main] org.apache.catalina.startup.VersionLoggerListener.log 서버 버전 이름:    Apache Tomcat/9.0.83
05-Dec-2023 12:47:37.548 INFO [main] org.apache.catalina.startup.VersionLoggerListener.log Server 빌드 시각:  Nov 9 2023 20:57:42 UTC
05-Dec-2023 12:47:37.549 INFO [main] org.apache.catalina.startup.VersionLoggerListener.log Server 버전 번호:  9.0.83.0
05-Dec-2023 12:47:37.549 INFO [main] org.apache.catalina.startup.VersionLoggerListener.log 운영체제 이름:     Windows 10
05-Dec-2023 12:47:37.549 INFO [main] org.apache.catalina.startup.VersionLoggerListener.log 운영체제 버전:     10.0
05-Dec-2023 12:47:37.549 INFO [main] org.apache.catalina.startup.VersionLoggerListener.log 아키텍처:          amd64
05-Dec-2023 12:47:37.549 INFO [main] org.apache.catalina.startup.VersionLoggerListener.log 자바 홈:           C:\Program Files\Java\jdk-11
05-Dec-2023 12:47:37.549 INFO [main] org.apache.catalina.startup.VersionLoggerListener.log JVM 버전:          11.0.20+9-LTS-256
05-Dec-2023 12:47:37.549 INFO [main] org.apache.catalina.startup.VersionLoggerListener.log JVM 벤더:          Oracle Corporation
05-Dec-2023 12:47:37.550 INFO [main] org.apache.catalina.startup.VersionLoggerListener.log CATALINA_BASE:     D:\01-STUDY\Kim\7_SpringBoot\cafe
05-Dec-2023 12:47:37.550 INFO [main] org.apache.catalina.startup.VersionLoggerListener.log CATALINA_HOME:     C:\apache-tomcat-9.0.83
05-Dec-2023 12:47:37.563 INFO [main] org.apache.catalina.startup.VersionLoggerListener.log 명령 행 아규먼트:  --add-opens=java.base/java.lang=ALL-UNNAMED
05-Dec-2023 12:47:37.563 INFO [main] org.apache.catalina.startup.VersionLoggerListener.log 명령 행 아규먼트:  --add-opens=java.base/java.io=ALL-UNNAMED
05-Dec-2023 12:47:37.563 INFO [main] org.apache.catalina.startup.VersionLoggerListener.log 명령 행 아규먼트:  --add-opens=java.base/java.util=ALL-UNNAMED
05-Dec-2023 12:47:37.563 INFO [main] org.apache.catalina.startup.VersionLoggerListener.log 명령 행 아규먼트:  --add-opens=java.base/java.util.concurrent=ALL-UNNAMED
05-Dec-2023 12:47:37.563 INFO [main] org.apache.catalina.startup.VersionLoggerListener.log 명령 행 아규먼트:  --add-opens=java.rmi/sun.rmi.transport=ALL-UNNAMED
05-Dec-2023 12:47:37.564 INFO [main] org.apache.catalina.startup.VersionLoggerListener.log 명령 행 아규먼트:  -Dfile.encoding=UTF-8
05-Dec-2023 12:47:37.564 INFO [main] org.apache.catalina.startup.VersionLoggerListener.log 명령 행 아규먼트:  -Dcatalina.home=C:\apache-tomcat-9.0.83
05-Dec-2023 12:47:37.564 INFO [main] org.apache.catalina.startup.VersionLoggerListener.log 명령 행 아규먼트:  -Dcatalina.base=D:\01-STUDY\Kim\7_SpringBoot\cafe
05-Dec-2023 12:47:37.564 INFO [main] org.apache.catalina.startup.VersionLoggerListener.log 명령 행 아규먼트:  -Djava.io.tmpdir=D:\01-STUDY\Kim\7_SpringBoot\cafe\temp
05-Dec-2023 12:47:37.564 INFO [main] org.apache.catalina.startup.VersionLoggerListener.log 명령 행 아규먼트:  -Djava.util.logging.config.file=D:\01-STUDY\Kim\7_SpringBoot\cafe\conf\logging.properties
05-Dec-2023 12:47:37.564 INFO [main] org.apache.catalina.startup.VersionLoggerListener.log 명령 행 아규먼트:  -Djava.util.logging.manager=org.apache.juli.ClassLoaderLogManager
05-Dec-2023 12:47:37.564 INFO [main] org.apache.catalina.startup.VersionLoggerListener.log 명령 행 아규먼트:  -javaagent:C:\Program Files\JetBrains\IntelliJ IDEA Community Edition 2023.2.4\lib\idea_rt.jar=54764:C:\Program Files\JetBrains\IntelliJ IDEA Community Edition 2023.2.4\bin
05-Dec-2023 12:47:37.567 INFO [main] org.apache.catalina.core.AprLifecycleListener.lifecycleEvent APR 버전 [1.7.4]을(를) 사용한, APR 기반 Apache Tomcat Native 라이브러리 [1.2.39]을(를) 로드했습니다.
05-Dec-2023 12:47:37.567 INFO [main] org.apache.catalina.core.AprLifecycleListener.lifecycleEvent APR 용량정보들: IPv6 [true], sendfile [true], accept filters [false], random [true], UDS [true].
05-Dec-2023 12:47:37.567 INFO [main] org.apache.catalina.core.AprLifecycleListener.lifecycleEvent APR/OpenSSL 설정: useAprConnector [false], useOpenSSL [true]
05-Dec-2023 12:47:37.573 INFO [main] org.apache.catalina.core.AprLifecycleListener.initializeSSL OpenSSL이 성공적으로 초기화되었습니다: [OpenSSL 3.0.11 19 Sep 2023]
05-Dec-2023 12:47:37.884 INFO [main] org.apache.coyote.AbstractProtocol.init 프로토콜 핸들러 ["http-nio-8002"]을(를) 초기화합니다.
05-Dec-2023 12:47:37.908 INFO [main] org.apache.catalina.startup.Catalina.load [514] 밀리초 내에 서버가 초기화되었습니다.
05-Dec-2023 12:47:37.961 INFO [main] org.apache.catalina.core.StandardService.startInternal 서비스 [Catalina]을(를) 시작합니다.
05-Dec-2023 12:47:37.961 INFO [main] org.apache.catalina.core.StandardEngine.startInternal 서버 엔진을 시작합니다: [Apache Tomcat/9.0.83]
05-Dec-2023 12:47:37.969 INFO [main] org.apache.catalina.startup.HostConfig.deployDescriptor 배치 descriptor [D:\01-STUDY\Kim\7_SpringBoot\cafe\conf\Catalina\localhost\ROOT.xml]을(를) 배치합니다.
05-Dec-2023 12:47:41.930 INFO [main] org.apache.jasper.servlet.TldScanner.scanJars 적어도 하나의 JAR가 TLD들을 찾기 위해 스캔되었으나 아무 것도 찾지 못했습니다. 스캔했으나 TLD가 없는 JAR들의 전체 목록을 보시려면, 로그 레벨을 디버그 레벨로 설정하십시오. 스캔 과정에서 불필요한 JAR들을 건너뛰면, 시스템 시작 시간과 JSP 컴파일 시간을 단축시킬 수 있습니다.
05-Dec-2023 12:47:42.054 INFO [main] org.apache.catalina.startup.HostConfig.deployDescriptor 배치 descriptor [D:\01-STUDY\Kim\7_SpringBoot\cafe\conf\Catalina\localhost\ROOT.xml]의 배치가 [4,084] 밀리초 내에 완료되었습니다.
05-Dec-2023 12:47:42.057 INFO [main] org.apache.coyote.AbstractProtocol.start 프로토콜 핸들러 ["http-nio-8002"]을(를) 시작합니다.
05-Dec-2023 12:47:42.096 INFO [main] org.apache.catalina.startup.Catalina.start 서버가 [4187] 밀리초 내에 시작되었습니다.
05-Dec-2023 12:48:11.795 INFO [Thread-1] org.apache.coyote.AbstractProtocol.pause 프로토콜 핸들러 ["http-nio-8002"]을(를) 일시 정지 중
05-Dec-2023 12:48:11.818 INFO [Thread-1] org.apache.catalina.core.StandardService.stopInternal 서비스 [Catalina]을(를) 중지시킵니다.
05-Dec-2023 12:48:11.838 INFO [Thread-1] org.apache.coyote.AbstractProtocol.stop 프로토콜 핸들러 ["http-nio-8002"]을(를) 중지시킵니다.
05-Dec-2023 12:48:11.843 INFO [Thread-1] org.apache.coyote.AbstractProtocol.destroy 프로토콜 핸들러 ["http-nio-8002"]을(를) 소멸시킵니다.
05-Dec-2023 12:48:13.536 INFO [main] org.apache.catalina.startup.VersionLoggerListener.log 서버 버전 이름:    Apache Tomcat/9.0.83
05-Dec-2023 12:48:13.538 INFO [main] org.apache.catalina.startup.VersionLoggerListener.log Server 빌드 시각:  Nov 9 2023 20:57:42 UTC
05-Dec-2023 12:48:13.538 INFO [main] org.apache.catalina.startup.VersionLoggerListener.log Server 버전 번호:  9.0.83.0
05-Dec-2023 12:48:13.538 INFO [main] org.apache.catalina.startup.VersionLoggerListener.log 운영체제 이름:     Windows 10
05-Dec-2023 12:48:13.538 INFO [main] org.apache.catalina.startup.VersionLoggerListener.log 운영체제 버전:     10.0
05-Dec-2023 12:48:13.538 INFO [main] org.apache.catalina.startup.VersionLoggerListener.log 아키텍처:          amd64
05-Dec-2023 12:48:13.538 INFO [main] org.apache.catalina.startup.VersionLoggerListener.log 자바 홈:           C:\Program Files\Java\jdk-11
05-Dec-2023 12:48:13.538 INFO [main] org.apache.catalina.startup.VersionLoggerListener.log JVM 버전:          11.0.20+9-LTS-256
05-Dec-2023 12:48:13.538 INFO [main] org.apache.catalina.startup.VersionLoggerListener.log JVM 벤더:          Oracle Corporation
05-Dec-2023 12:48:13.539 INFO [main] org.apache.catalina.startup.VersionLoggerListener.log CATALINA_BASE:     D:\01-STUDY\Kim\7_SpringBoot\cafe
05-Dec-2023 12:48:13.539 INFO [main] org.apache.catalina.startup.VersionLoggerListener.log CATALINA_HOME:     C:\apache-tomcat-9.0.83
05-Dec-2023 12:48:13.546 INFO [main] org.apache.catalina.startup.VersionLoggerListener.log 명령 행 아규먼트:  --add-opens=java.base/java.lang=ALL-UNNAMED
05-Dec-2023 12:48:13.546 INFO [main] org.apache.catalina.startup.VersionLoggerListener.log 명령 행 아규먼트:  --add-opens=java.base/java.io=ALL-UNNAMED
05-Dec-2023 12:48:13.546 INFO [main] org.apache.catalina.startup.VersionLoggerListener.log 명령 행 아규먼트:  --add-opens=java.base/java.util=ALL-UNNAMED
05-Dec-2023 12:48:13.546 INFO [main] org.apache.catalina.startup.VersionLoggerListener.log 명령 행 아규먼트:  --add-opens=java.base/java.util.concurrent=ALL-UNNAMED
05-Dec-2023 12:48:13.546 INFO [main] org.apache.catalina.startup.VersionLoggerListener.log 명령 행 아규먼트:  --add-opens=java.rmi/sun.rmi.transport=ALL-UNNAMED
05-Dec-2023 12:48:13.546 INFO [main] org.apache.catalina.startup.VersionLoggerListener.log 명령 행 아규먼트:  -Dfile.encoding=UTF-8
05-Dec-2023 12:48:13.546 INFO [main] org.apache.catalina.startup.VersionLoggerListener.log 명령 행 아규먼트:  -Dcatalina.home=C:\apache-tomcat-9.0.83
05-Dec-2023 12:48:13.546 INFO [main] org.apache.catalina.startup.VersionLoggerListener.log 명령 행 아규먼트:  -Dcatalina.base=D:\01-STUDY\Kim\7_SpringBoot\cafe
05-Dec-2023 12:48:13.546 INFO [main] org.apache.catalina.startup.VersionLoggerListener.log 명령 행 아규먼트:  -Djava.io.tmpdir=D:\01-STUDY\Kim\7_SpringBoot\cafe\temp
05-Dec-2023 12:48:13.546 INFO [main] org.apache.catalina.startup.VersionLoggerListener.log 명령 행 아규먼트:  -Djava.util.logging.config.file=D:\01-STUDY\Kim\7_SpringBoot\cafe\conf\logging.properties
05-Dec-2023 12:48:13.546 INFO [main] org.apache.catalina.startup.VersionLoggerListener.log 명령 행 아규먼트:  -Djava.util.logging.manager=org.apache.juli.ClassLoaderLogManager
05-Dec-2023 12:48:13.546 INFO [main] org.apache.catalina.startup.VersionLoggerListener.log 명령 행 아규먼트:  -javaagent:C:\Program Files\JetBrains\IntelliJ IDEA Community Edition 2023.2.4\lib\idea_rt.jar=54782:C:\Program Files\JetBrains\IntelliJ IDEA Community Edition 2023.2.4\bin
05-Dec-2023 12:48:13.548 INFO [main] org.apache.catalina.core.AprLifecycleListener.lifecycleEvent APR 버전 [1.7.4]을(를) 사용한, APR 기반 Apache Tomcat Native 라이브러리 [1.2.39]을(를) 로드했습니다.
05-Dec-2023 12:48:13.549 INFO [main] org.apache.catalina.core.AprLifecycleListener.lifecycleEvent APR 용량정보들: IPv6 [true], sendfile [true], accept filters [false], random [true], UDS [true].
05-Dec-2023 12:48:13.549 INFO [main] org.apache.catalina.core.AprLifecycleListener.lifecycleEvent APR/OpenSSL 설정: useAprConnector [false], useOpenSSL [true]
05-Dec-2023 12:48:13.553 INFO [main] org.apache.catalina.core.AprLifecycleListener.initializeSSL OpenSSL이 성공적으로 초기화되었습니다: [OpenSSL 3.0.11 19 Sep 2023]
05-Dec-2023 12:48:13.821 INFO [main] org.apache.coyote.AbstractProtocol.init 프로토콜 핸들러 ["http-nio-8002"]을(를) 초기화합니다.
05-Dec-2023 12:48:13.851 INFO [main] org.apache.catalina.startup.Catalina.load [465] 밀리초 내에 서버가 초기화되었습니다.
05-Dec-2023 12:48:13.926 INFO [main] org.apache.catalina.core.StandardService.startInternal 서비스 [Catalina]을(를) 시작합니다.
05-Dec-2023 12:48:13.926 INFO [main] org.apache.catalina.core.StandardEngine.startInternal 서버 엔진을 시작합니다: [Apache Tomcat/9.0.83]
05-Dec-2023 12:48:13.934 INFO [main] org.apache.catalina.startup.HostConfig.deployDescriptor 배치 descriptor [D:\01-STUDY\Kim\7_SpringBoot\cafe\conf\Catalina\localhost\ROOT.xml]을(를) 배치합니다.
05-Dec-2023 12:48:17.466 INFO [main] org.apache.jasper.servlet.TldScanner.scanJars 적어도 하나의 JAR가 TLD들을 찾기 위해 스캔되었으나 아무 것도 찾지 못했습니다. 스캔했으나 TLD가 없는 JAR들의 전체 목록을 보시려면, 로그 레벨을 디버그 레벨로 설정하십시오. 스캔 과정에서 불필요한 JAR들을 건너뛰면, 시스템 시작 시간과 JSP 컴파일 시간을 단축시킬 수 있습니다.
05-Dec-2023 12:48:17.587 INFO [main] org.apache.catalina.startup.HostConfig.deployDescriptor 배치 descriptor [D:\01-STUDY\Kim\7_SpringBoot\cafe\conf\Catalina\localhost\ROOT.xml]의 배치가 [3,653] 밀리초 내에 완료되었습니다.
05-Dec-2023 12:48:17.590 INFO [main] org.apache.coyote.AbstractProtocol.start 프로토콜 핸들러 ["http-nio-8002"]을(를) 시작합니다.
05-Dec-2023 12:48:17.629 INFO [main] org.apache.catalina.startup.Catalina.start 서버가 [3778] 밀리초 내에 시작되었습니다.
05-Dec-2023 12:48:41.544 INFO [Thread-1] org.apache.coyote.AbstractProtocol.pause 프로토콜 핸들러 ["http-nio-8002"]을(를) 일시 정지 중
05-Dec-2023 12:48:41.568 INFO [Thread-1] org.apache.catalina.core.StandardService.stopInternal 서비스 [Catalina]을(를) 중지시킵니다.
05-Dec-2023 12:48:41.589 INFO [Thread-1] org.apache.coyote.AbstractProtocol.stop 프로토콜 핸들러 ["http-nio-8002"]을(를) 중지시킵니다.
05-Dec-2023 12:48:41.600 INFO [Thread-1] org.apache.coyote.AbstractProtocol.destroy 프로토콜 핸들러 ["http-nio-8002"]을(를) 소멸시킵니다.
05-Dec-2023 12:48:44.149 INFO [main] org.apache.catalina.startup.VersionLoggerListener.log 서버 버전 이름:    Apache Tomcat/9.0.83
05-Dec-2023 12:48:44.152 INFO [main] org.apache.catalina.startup.VersionLoggerListener.log Server 빌드 시각:  Nov 9 2023 20:57:42 UTC
05-Dec-2023 12:48:44.152 INFO [main] org.apache.catalina.startup.VersionLoggerListener.log Server 버전 번호:  9.0.83.0
05-Dec-2023 12:48:44.152 INFO [main] org.apache.catalina.startup.VersionLoggerListener.log 운영체제 이름:     Windows 10
05-Dec-2023 12:48:44.152 INFO [main] org.apache.catalina.startup.VersionLoggerListener.log 운영체제 버전:     10.0
05-Dec-2023 12:48:44.152 INFO [main] org.apache.catalina.startup.VersionLoggerListener.log 아키텍처:          amd64
05-Dec-2023 12:48:44.152 INFO [main] org.apache.catalina.startup.VersionLoggerListener.log 자바 홈:           C:\Program Files\Java\jdk-11
05-Dec-2023 12:48:44.152 INFO [main] org.apache.catalina.startup.VersionLoggerListener.log JVM 버전:          11.0.20+9-LTS-256
05-Dec-2023 12:48:44.152 INFO [main] org.apache.catalina.startup.VersionLoggerListener.log JVM 벤더:          Oracle Corporation
05-Dec-2023 12:48:44.152 INFO [main] org.apache.catalina.startup.VersionLoggerListener.log CATALINA_BASE:     D:\01-STUDY\Kim\7_SpringBoot\cafe
05-Dec-2023 12:48:44.153 INFO [main] org.apache.catalina.startup.VersionLoggerListener.log CATALINA_HOME:     C:\apache-tomcat-9.0.83
05-Dec-2023 12:48:44.160 INFO [main] org.apache.catalina.startup.VersionLoggerListener.log 명령 행 아규먼트:  --add-opens=java.base/java.lang=ALL-UNNAMED
05-Dec-2023 12:48:44.160 INFO [main] org.apache.catalina.startup.VersionLoggerListener.log 명령 행 아규먼트:  --add-opens=java.base/java.io=ALL-UNNAMED
05-Dec-2023 12:48:44.160 INFO [main] org.apache.catalina.startup.VersionLoggerListener.log 명령 행 아규먼트:  --add-opens=java.base/java.util=ALL-UNNAMED
05-Dec-2023 12:48:44.160 INFO [main] org.apache.catalina.startup.VersionLoggerListener.log 명령 행 아규먼트:  --add-opens=java.base/java.util.concurrent=ALL-UNNAMED
05-Dec-2023 12:48:44.160 INFO [main] org.apache.catalina.startup.VersionLoggerListener.log 명령 행 아규먼트:  --add-opens=java.rmi/sun.rmi.transport=ALL-UNNAMED
05-Dec-2023 12:48:44.160 INFO [main] org.apache.catalina.startup.VersionLoggerListener.log 명령 행 아규먼트:  -Dfile.encoding=UTF-8
05-Dec-2023 12:48:44.160 INFO [main] org.apache.catalina.startup.VersionLoggerListener.log 명령 행 아규먼트:  -Dcatalina.home=C:\apache-tomcat-9.0.83
05-Dec-2023 12:48:44.160 INFO [main] org.apache.catalina.startup.VersionLoggerListener.log 명령 행 아규먼트:  -Dcatalina.base=D:\01-STUDY\Kim\7_SpringBoot\cafe
05-Dec-2023 12:48:44.160 INFO [main] org.apache.catalina.startup.VersionLoggerListener.log 명령 행 아규먼트:  -Djava.io.tmpdir=D:\01-STUDY\Kim\7_SpringBoot\cafe\temp
05-Dec-2023 12:48:44.160 INFO [main] org.apache.catalina.startup.VersionLoggerListener.log 명령 행 아규먼트:  -Djava.util.logging.config.file=D:\01-STUDY\Kim\7_SpringBoot\cafe\conf\logging.properties
05-Dec-2023 12:48:44.160 INFO [main] org.apache.catalina.startup.VersionLoggerListener.log 명령 행 아규먼트:  -Djava.util.logging.manager=org.apache.juli.ClassLoaderLogManager
05-Dec-2023 12:48:44.161 INFO [main] org.apache.catalina.startup.VersionLoggerListener.log 명령 행 아규먼트:  -javaagent:C:\Program Files\JetBrains\IntelliJ IDEA Community Edition 2023.2.4\lib\idea_rt.jar=54797:C:\Program Files\JetBrains\IntelliJ IDEA Community Edition 2023.2.4\bin
05-Dec-2023 12:48:44.163 INFO [main] org.apache.catalina.core.AprLifecycleListener.lifecycleEvent APR 버전 [1.7.4]을(를) 사용한, APR 기반 Apache Tomcat Native 라이브러리 [1.2.39]을(를) 로드했습니다.
05-Dec-2023 12:48:44.163 INFO [main] org.apache.catalina.core.AprLifecycleListener.lifecycleEvent APR 용량정보들: IPv6 [true], sendfile [true], accept filters [false], random [true], UDS [true].
05-Dec-2023 12:48:44.163 INFO [main] org.apache.catalina.core.AprLifecycleListener.lifecycleEvent APR/OpenSSL 설정: useAprConnector [false], useOpenSSL [true]
05-Dec-2023 12:48:44.168 INFO [main] org.apache.catalina.core.AprLifecycleListener.initializeSSL OpenSSL이 성공적으로 초기화되었습니다: [OpenSSL 3.0.11 19 Sep 2023]
05-Dec-2023 12:48:44.437 INFO [main] org.apache.coyote.AbstractProtocol.init 프로토콜 핸들러 ["http-nio-8002"]을(를) 초기화합니다.
05-Dec-2023 12:48:44.466 INFO [main] org.apache.catalina.startup.Catalina.load [462] 밀리초 내에 서버가 초기화되었습니다.
05-Dec-2023 12:48:44.535 INFO [main] org.apache.catalina.core.StandardService.startInternal 서비스 [Catalina]을(를) 시작합니다.
05-Dec-2023 12:48:44.535 INFO [main] org.apache.catalina.core.StandardEngine.startInternal 서버 엔진을 시작합니다: [Apache Tomcat/9.0.83]
05-Dec-2023 12:48:44.545 INFO [main] org.apache.catalina.startup.HostConfig.deployDescriptor 배치 descriptor [D:\01-STUDY\Kim\7_SpringBoot\cafe\conf\Catalina\localhost\ROOT.xml]을(를) 배치합니다.
05-Dec-2023 12:48:48.077 INFO [main] org.apache.jasper.servlet.TldScanner.scanJars 적어도 하나의 JAR가 TLD들을 찾기 위해 스캔되었으나 아무 것도 찾지 못했습니다. 스캔했으나 TLD가 없는 JAR들의 전체 목록을 보시려면, 로그 레벨을 디버그 레벨로 설정하십시오. 스캔 과정에서 불필요한 JAR들을 건너뛰면, 시스템 시작 시간과 JSP 컴파일 시간을 단축시킬 수 있습니다.
05-Dec-2023 12:48:48.201 INFO [main] org.apache.catalina.startup.HostConfig.deployDescriptor 배치 descriptor [D:\01-STUDY\Kim\7_SpringBoot\cafe\conf\Catalina\localhost\ROOT.xml]의 배치가 [3,656] 밀리초 내에 완료되었습니다.
05-Dec-2023 12:48:48.204 INFO [main] org.apache.coyote.AbstractProtocol.start 프로토콜 핸들러 ["http-nio-8002"]을(를) 시작합니다.
05-Dec-2023 12:48:48.242 INFO [main] org.apache.catalina.startup.Catalina.start 서버가 [3776] 밀리초 내에 시작되었습니다.
05-Dec-2023 12:50:34.089 INFO [Thread-1] org.apache.coyote.AbstractProtocol.pause 프로토콜 핸들러 ["http-nio-8002"]을(를) 일시 정지 중
05-Dec-2023 12:50:34.112 INFO [Thread-1] org.apache.catalina.core.StandardService.stopInternal 서비스 [Catalina]을(를) 중지시킵니다.
05-Dec-2023 12:50:34.137 INFO [Thread-1] org.apache.coyote.AbstractProtocol.stop 프로토콜 핸들러 ["http-nio-8002"]을(를) 중지시킵니다.
05-Dec-2023 12:50:34.149 INFO [Thread-1] org.apache.coyote.AbstractProtocol.destroy 프로토콜 핸들러 ["http-nio-8002"]을(를) 소멸시킵니다.
05-Dec-2023 12:50:35.843 INFO [main] org.apache.catalina.startup.VersionLoggerListener.log 서버 버전 이름:    Apache Tomcat/9.0.83
05-Dec-2023 12:50:35.846 INFO [main] org.apache.catalina.startup.VersionLoggerListener.log Server 빌드 시각:  Nov 9 2023 20:57:42 UTC
05-Dec-2023 12:50:35.846 INFO [main] org.apache.catalina.startup.VersionLoggerListener.log Server 버전 번호:  9.0.83.0
05-Dec-2023 12:50:35.846 INFO [main] org.apache.catalina.startup.VersionLoggerListener.log 운영체제 이름:     Windows 10
05-Dec-2023 12:50:35.846 INFO [main] org.apache.catalina.startup.VersionLoggerListener.log 운영체제 버전:     10.0
05-Dec-2023 12:50:35.846 INFO [main] org.apache.catalina.startup.VersionLoggerListener.log 아키텍처:          amd64
05-Dec-2023 12:50:35.846 INFO [main] org.apache.catalina.startup.VersionLoggerListener.log 자바 홈:           C:\Program Files\Java\jdk-11
05-Dec-2023 12:50:35.846 INFO [main] org.apache.catalina.startup.VersionLoggerListener.log JVM 버전:          11.0.20+9-LTS-256
05-Dec-2023 12:50:35.847 INFO [main] org.apache.catalina.startup.VersionLoggerListener.log JVM 벤더:          Oracle Corporation
05-Dec-2023 12:50:35.847 INFO [main] org.apache.catalina.startup.VersionLoggerListener.log CATALINA_BASE:     D:\01-STUDY\Kim\7_SpringBoot\cafe
05-Dec-2023 12:50:35.847 INFO [main] org.apache.catalina.startup.VersionLoggerListener.log CATALINA_HOME:     C:\apache-tomcat-9.0.83
05-Dec-2023 12:50:35.853 INFO [main] org.apache.catalina.startup.VersionLoggerListener.log 명령 행 아규먼트:  --add-opens=java.base/java.lang=ALL-UNNAMED
05-Dec-2023 12:50:35.853 INFO [main] org.apache.catalina.startup.VersionLoggerListener.log 명령 행 아규먼트:  --add-opens=java.base/java.io=ALL-UNNAMED
05-Dec-2023 12:50:35.854 INFO [main] org.apache.catalina.startup.VersionLoggerListener.log 명령 행 아규먼트:  --add-opens=java.base/java.util=ALL-UNNAMED
05-Dec-2023 12:50:35.854 INFO [main] org.apache.catalina.startup.VersionLoggerListener.log 명령 행 아규먼트:  --add-opens=java.base/java.util.concurrent=ALL-UNNAMED
05-Dec-2023 12:50:35.854 INFO [main] org.apache.catalina.startup.VersionLoggerListener.log 명령 행 아규먼트:  --add-opens=java.rmi/sun.rmi.transport=ALL-UNNAMED
05-Dec-2023 12:50:35.854 INFO [main] org.apache.catalina.startup.VersionLoggerListener.log 명령 행 아규먼트:  -Dfile.encoding=UTF-8
05-Dec-2023 12:50:35.854 INFO [main] org.apache.catalina.startup.VersionLoggerListener.log 명령 행 아규먼트:  -Dcatalina.home=C:\apache-tomcat-9.0.83
05-Dec-2023 12:50:35.854 INFO [main] org.apache.catalina.startup.VersionLoggerListener.log 명령 행 아규먼트:  -Dcatalina.base=D:\01-STUDY\Kim\7_SpringBoot\cafe
05-Dec-2023 12:50:35.854 INFO [main] org.apache.catalina.startup.VersionLoggerListener.log 명령 행 아규먼트:  -Djava.io.tmpdir=D:\01-STUDY\Kim\7_SpringBoot\cafe\temp
05-Dec-2023 12:50:35.854 INFO [main] org.apache.catalina.startup.VersionLoggerListener.log 명령 행 아규먼트:  -Djava.util.logging.config.file=D:\01-STUDY\Kim\7_SpringBoot\cafe\conf\logging.properties
05-Dec-2023 12:50:35.854 INFO [main] org.apache.catalina.startup.VersionLoggerListener.log 명령 행 아규먼트:  -Djava.util.logging.manager=org.apache.juli.ClassLoaderLogManager
05-Dec-2023 12:50:35.854 INFO [main] org.apache.catalina.startup.VersionLoggerListener.log 명령 행 아규먼트:  -javaagent:C:\Program Files\JetBrains\IntelliJ IDEA Community Edition 2023.2.4\lib\idea_rt.jar=54822:C:\Program Files\JetBrains\IntelliJ IDEA Community Edition 2023.2.4\bin
05-Dec-2023 12:50:35.856 INFO [main] org.apache.catalina.core.AprLifecycleListener.lifecycleEvent APR 버전 [1.7.4]을(를) 사용한, APR 기반 Apache Tomcat Native 라이브러리 [1.2.39]을(를) 로드했습니다.
05-Dec-2023 12:50:35.857 INFO [main] org.apache.catalina.core.AprLifecycleListener.lifecycleEvent APR 용량정보들: IPv6 [true], sendfile [true], accept filters [false], random [true], UDS [true].
05-Dec-2023 12:50:35.857 INFO [main] org.apache.catalina.core.AprLifecycleListener.lifecycleEvent APR/OpenSSL 설정: useAprConnector [false], useOpenSSL [true]
05-Dec-2023 12:50:35.861 INFO [main] org.apache.catalina.core.AprLifecycleListener.initializeSSL OpenSSL이 성공적으로 초기화되었습니다: [OpenSSL 3.0.11 19 Sep 2023]
05-Dec-2023 12:50:36.137 INFO [main] org.apache.coyote.AbstractProtocol.init 프로토콜 핸들러 ["http-nio-8002"]을(를) 초기화합니다.
05-Dec-2023 12:50:36.163 INFO [main] org.apache.catalina.startup.Catalina.load [476] 밀리초 내에 서버가 초기화되었습니다.
05-Dec-2023 12:50:36.231 INFO [main] org.apache.catalina.core.StandardService.startInternal 서비스 [Catalina]을(를) 시작합니다.
05-Dec-2023 12:50:36.231 INFO [main] org.apache.catalina.core.StandardEngine.startInternal 서버 엔진을 시작합니다: [Apache Tomcat/9.0.83]
05-Dec-2023 12:50:36.242 INFO [main] org.apache.catalina.startup.HostConfig.deployDescriptor 배치 descriptor [D:\01-STUDY\Kim\7_SpringBoot\cafe\conf\Catalina\localhost\ROOT.xml]을(를) 배치합니다.
05-Dec-2023 12:50:39.880 INFO [main] org.apache.jasper.servlet.TldScanner.scanJars 적어도 하나의 JAR가 TLD들을 찾기 위해 스캔되었으나 아무 것도 찾지 못했습니다. 스캔했으나 TLD가 없는 JAR들의 전체 목록을 보시려면, 로그 레벨을 디버그 레벨로 설정하십시오. 스캔 과정에서 불필요한 JAR들을 건너뛰면, 시스템 시작 시간과 JSP 컴파일 시간을 단축시킬 수 있습니다.
05-Dec-2023 12:50:40.010 INFO [main] org.apache.catalina.startup.HostConfig.deployDescriptor 배치 descriptor [D:\01-STUDY\Kim\7_SpringBoot\cafe\conf\Catalina\localhost\ROOT.xml]의 배치가 [3,768] 밀리초 내에 완료되었습니다.
05-Dec-2023 12:50:40.013 INFO [main] org.apache.coyote.AbstractProtocol.start 프로토콜 핸들러 ["http-nio-8002"]을(를) 시작합니다.
05-Dec-2023 12:50:40.052 INFO [main] org.apache.catalina.startup.Catalina.start 서버가 [3887] 밀리초 내에 시작되었습니다.
05-Dec-2023 12:53:15.746 INFO [Thread-1] org.apache.coyote.AbstractProtocol.pause 프로토콜 핸들러 ["http-nio-8002"]을(를) 일시 정지 중
05-Dec-2023 12:53:15.771 INFO [Thread-1] org.apache.catalina.core.StandardService.stopInternal 서비스 [Catalina]을(를) 중지시킵니다.
05-Dec-2023 12:53:15.793 INFO [Thread-1] org.apache.coyote.AbstractProtocol.stop 프로토콜 핸들러 ["http-nio-8002"]을(를) 중지시킵니다.
05-Dec-2023 12:53:15.812 INFO [Thread-1] org.apache.coyote.AbstractProtocol.destroy 프로토콜 핸들러 ["http-nio-8002"]을(를) 소멸시킵니다.
05-Dec-2023 12:53:17.474 INFO [main] org.apache.catalina.startup.VersionLoggerListener.log 서버 버전 이름:    Apache Tomcat/9.0.83
05-Dec-2023 12:53:17.476 INFO [main] org.apache.catalina.startup.VersionLoggerListener.log Server 빌드 시각:  Nov 9 2023 20:57:42 UTC
05-Dec-2023 12:53:17.476 INFO [main] org.apache.catalina.startup.VersionLoggerListener.log Server 버전 번호:  9.0.83.0
05-Dec-2023 12:53:17.477 INFO [main] org.apache.catalina.startup.VersionLoggerListener.log 운영체제 이름:     Windows 10
05-Dec-2023 12:53:17.477 INFO [main] org.apache.catalina.startup.VersionLoggerListener.log 운영체제 버전:     10.0
05-Dec-2023 12:53:17.477 INFO [main] org.apache.catalina.startup.VersionLoggerListener.log 아키텍처:          amd64
05-Dec-2023 12:53:17.477 INFO [main] org.apache.catalina.startup.VersionLoggerListener.log 자바 홈:           C:\Program Files\Java\jdk-11
05-Dec-2023 12:53:17.477 INFO [main] org.apache.catalina.startup.VersionLoggerListener.log JVM 버전:          11.0.20+9-LTS-256
05-Dec-2023 12:53:17.477 INFO [main] org.apache.catalina.startup.VersionLoggerListener.log JVM 벤더:          Oracle Corporation
05-Dec-2023 12:53:17.477 INFO [main] org.apache.catalina.startup.VersionLoggerListener.log CATALINA_BASE:     D:\01-STUDY\Kim\7_SpringBoot\cafe
05-Dec-2023 12:53:17.477 INFO [main] org.apache.catalina.startup.VersionLoggerListener.log CATALINA_HOME:     C:\apache-tomcat-9.0.83
05-Dec-2023 12:53:17.484 INFO [main] org.apache.catalina.startup.VersionLoggerListener.log 명령 행 아규먼트:  --add-opens=java.base/java.lang=ALL-UNNAMED
05-Dec-2023 12:53:17.484 INFO [main] org.apache.catalina.startup.VersionLoggerListener.log 명령 행 아규먼트:  --add-opens=java.base/java.io=ALL-UNNAMED
05-Dec-2023 12:53:17.485 INFO [main] org.apache.catalina.startup.VersionLoggerListener.log 명령 행 아규먼트:  --add-opens=java.base/java.util=ALL-UNNAMED
05-Dec-2023 12:53:17.485 INFO [main] org.apache.catalina.startup.VersionLoggerListener.log 명령 행 아규먼트:  --add-opens=java.base/java.util.concurrent=ALL-UNNAMED
05-Dec-2023 12:53:17.485 INFO [main] org.apache.catalina.startup.VersionLoggerListener.log 명령 행 아규먼트:  --add-opens=java.rmi/sun.rmi.transport=ALL-UNNAMED
05-Dec-2023 12:53:17.485 INFO [main] org.apache.catalina.startup.VersionLoggerListener.log 명령 행 아규먼트:  -Dfile.encoding=UTF-8
05-Dec-2023 12:53:17.485 INFO [main] org.apache.catalina.startup.VersionLoggerListener.log 명령 행 아규먼트:  -Dcatalina.home=C:\apache-tomcat-9.0.83
05-Dec-2023 12:53:17.485 INFO [main] org.apache.catalina.startup.VersionLoggerListener.log 명령 행 아규먼트:  -Dcatalina.base=D:\01-STUDY\Kim\7_SpringBoot\cafe
05-Dec-2023 12:53:17.485 INFO [main] org.apache.catalina.startup.VersionLoggerListener.log 명령 행 아규먼트:  -Djava.io.tmpdir=D:\01-STUDY\Kim\7_SpringBoot\cafe\temp
05-Dec-2023 12:53:17.485 INFO [main] org.apache.catalina.startup.VersionLoggerListener.log 명령 행 아규먼트:  -Djava.util.logging.config.file=D:\01-STUDY\Kim\7_SpringBoot\cafe\conf\logging.properties
05-Dec-2023 12:53:17.485 INFO [main] org.apache.catalina.startup.VersionLoggerListener.log 명령 행 아규먼트:  -Djava.util.logging.manager=org.apache.juli.ClassLoaderLogManager
05-Dec-2023 12:53:17.485 INFO [main] org.apache.catalina.startup.VersionLoggerListener.log 명령 행 아규먼트:  -javaagent:C:\Program Files\JetBrains\IntelliJ IDEA Community Edition 2023.2.4\lib\idea_rt.jar=54852:C:\Program Files\JetBrains\IntelliJ IDEA Community Edition 2023.2.4\bin
05-Dec-2023 12:53:17.487 INFO [main] org.apache.catalina.core.AprLifecycleListener.lifecycleEvent APR 버전 [1.7.4]을(를) 사용한, APR 기반 Apache Tomcat Native 라이브러리 [1.2.39]을(를) 로드했습니다.
05-Dec-2023 12:53:17.487 INFO [main] org.apache.catalina.core.AprLifecycleListener.lifecycleEvent APR 용량정보들: IPv6 [true], sendfile [true], accept filters [false], random [true], UDS [true].
05-Dec-2023 12:53:17.487 INFO [main] org.apache.catalina.core.AprLifecycleListener.lifecycleEvent APR/OpenSSL 설정: useAprConnector [false], useOpenSSL [true]
05-Dec-2023 12:53:17.492 INFO [main] org.apache.catalina.core.AprLifecycleListener.initializeSSL OpenSSL이 성공적으로 초기화되었습니다: [OpenSSL 3.0.11 19 Sep 2023]
05-Dec-2023 12:53:17.726 INFO [main] org.apache.coyote.AbstractProtocol.init 프로토콜 핸들러 ["http-nio-8002"]을(를) 초기화합니다.
05-Dec-2023 12:53:17.747 INFO [main] org.apache.catalina.startup.Catalina.load [420] 밀리초 내에 서버가 초기화되었습니다.
05-Dec-2023 12:53:17.818 INFO [main] org.apache.catalina.core.StandardService.startInternal 서비스 [Catalina]을(를) 시작합니다.
05-Dec-2023 12:53:17.818 INFO [main] org.apache.catalina.core.StandardEngine.startInternal 서버 엔진을 시작합니다: [Apache Tomcat/9.0.83]
05-Dec-2023 12:53:17.825 INFO [main] org.apache.catalina.startup.HostConfig.deployDescriptor 배치 descriptor [D:\01-STUDY\Kim\7_SpringBoot\cafe\conf\Catalina\localhost\ROOT.xml]을(를) 배치합니다.
05-Dec-2023 12:53:21.389 INFO [main] org.apache.jasper.servlet.TldScanner.scanJars 적어도 하나의 JAR가 TLD들을 찾기 위해 스캔되었으나 아무 것도 찾지 못했습니다. 스캔했으나 TLD가 없는 JAR들의 전체 목록을 보시려면, 로그 레벨을 디버그 레벨로 설정하십시오. 스캔 과정에서 불필요한 JAR들을 건너뛰면, 시스템 시작 시간과 JSP 컴파일 시간을 단축시킬 수 있습니다.
05-Dec-2023 12:53:21.516 INFO [main] org.apache.catalina.startup.HostConfig.deployDescriptor 배치 descriptor [D:\01-STUDY\Kim\7_SpringBoot\cafe\conf\Catalina\localhost\ROOT.xml]의 배치가 [3,691] 밀리초 내에 완료되었습니다.
05-Dec-2023 12:53:21.519 INFO [main] org.apache.coyote.AbstractProtocol.start 프로토콜 핸들러 ["http-nio-8002"]을(를) 시작합니다.
05-Dec-2023 12:53:21.559 INFO [main] org.apache.catalina.startup.Catalina.start 서버가 [3812] 밀리초 내에 시작되었습니다.
05-Dec-2023 12:54:37.621 INFO [Thread-1] org.apache.coyote.AbstractProtocol.pause 프로토콜 핸들러 ["http-nio-8002"]을(를) 일시 정지 중
05-Dec-2023 12:54:37.646 INFO [Thread-1] org.apache.catalina.core.StandardService.stopInternal 서비스 [Catalina]을(를) 중지시킵니다.
05-Dec-2023 12:54:37.668 INFO [Thread-1] org.apache.coyote.AbstractProtocol.stop 프로토콜 핸들러 ["http-nio-8002"]을(를) 중지시킵니다.
05-Dec-2023 12:54:37.683 INFO [Thread-1] org.apache.coyote.AbstractProtocol.destroy 프로토콜 핸들러 ["http-nio-8002"]을(를) 소멸시킵니다.
